

<!DOCTYPE html>
<html>
<head>
<meta charset="UTF-8">
<meta name="viewport" content="width=device-width, initial-scale=1, shrink-to-fit=no">
<title>Caretta Resorts</title>
<link rel="apple-touch-icon" href="https://cdn.jsdelivr.net/gh/extent-framework/extent-github-cdn@b00a2d0486596e73dd7326beacf352c639623a0e/commons/img/logo.png">
<link rel="shortcut icon" href="https://cdn.jsdelivr.net/gh/extent-framework/extent-github-cdn@b00a2d0486596e73dd7326beacf352c639623a0e/commons/img/logo.png">
<link href="https://cdn.jsdelivr.net/gh/extent-framework/extent-github-cdn@d6562a79075e061305ccfdb82f01e5e195e2d307/spark/css/spark-style.css" rel="stylesheet" />
<link href="https://stackpath.bootstrapcdn.com/font-awesome/4.7.0/css/font-awesome.min.css" rel="stylesheet">
<script src="https://cdn.rawgit.com/extent-framework/extent-github-cdn/7cc78ce/spark/js/jsontree.js"></script>
<style type="text/css"></style></head><body class="spa bdd-report standard">
  <div class="app">
    <div class="layout">
<div class="header navbar">
<div class="vheader">
<div class="nav-logo">
<a href="#">
<div class="logo" style="background-image: url('https://cdn.jsdelivr.net/gh/extent-framework/extent-github-cdn@b00a2d0486596e73dd7326beacf352c639623a0e/commons/img/logo.png')"></div>
</a>
</div>
<ul class="nav-left">
<li class="search-box">
<a class="search-toggle" href="#">
<i class="search-icon fa fa-search"></i>
<i class="search-icon-close fa fa-close"></i>
</a>
</li>
<li class="search-input"><input id="search-tests" class="form-control" type="text" placeholder="Search..."></li>
</ul>
<ul class="nav-right">
<li class="m-r-10">
<a href="#"><span class="badge badge-primary">Smoke Test Report</span></a>
</li>
<li class="m-r-10">
<a href="#"><span class="badge badge-primary">Jul 15, 2022 02:45:24 PM</span></a>
</li>
</ul>
</div>
</div><div class="side-nav">
<div class="side-nav-inner">
<ul class="side-nav-menu">
<li class="nav-item dropdown" onclick="toggleView('dashboard-view')">
<a id="nav-dashboard" class="dropdown-toggle" href="#">
<span class="ico"><i class="fa fa-bar-chart"></i></span>
</a>
</li>
<li class="nav-item dropdown" onclick="toggleView('test-view')">
<a id="nav-test" class="dropdown-toggle" href="#">
<span class="ico"><i class="fa fa-list"></i></span>
</a>
</li>
<li class="nav-item dropdown" onclick="toggleView('category-view')">
<a id="nav-category" class="dropdown-toggle" href="#">
<span class="ico"><i class="fa fa-tag"></i></span>
</a>
</li>
<li class="nav-item dropdown" onclick="toggleView('exception-view')">
<a id="nav-exception" class="dropdown-toggle" href="#">
<span class="ico"><i class="fa fa-bug"></i></span>
</a>
</li>
</ul>
</div>
</div>      <div class="vcontainer">
        <div class="main-content">
<div class="container-fluid p-4 view dashboard-view">
<div class="row">
<div class="col-md-3">
<div class="card"><div class="card-body">
<p class="m-b-0">Started</p>
<h3>Jul 15, 2022 02:45:24 PM</h3>
</div></div>
</div>
<div class="col-md-3">
<div class="card"><div class="card-body">
<p class="m-b-0">Ended</p>
<h3>Jul 15, 2022 02:48:10 PM</h3>
</div></div>
</div>
<div class="col-md-3">
<div class="card"><div class="card-body">
<p class="m-b-0 text-pass">Features Passed</p>
<h3>1</h3>
</div></div>
</div>
<div class="col-md-3">
<div class="card"><div class="card-body">
<p class="m-b-0 text-fail">Features Failed</p>
<h3>2</h3>
</div></div>
</div>
</div>
<div class="row">
<div class="col-md-4">
<div class="card">
<div class="card-header">
<h6 class="card-title">Features</h6>
</div>
<div class="card-body">
<div class="">
<canvas id='parent-analysis' width='115' height='90'></canvas>
</div>
</div>
<div class="card-footer">
<div><small data-tooltip='33%'>
<b>1</b> features passed
</small>
</div>
<div>
<small data-tooltip='66%'><b>2</b> features failed,
<b>0</b> skipped, <b data-tooltip='0%'>0</b> others
</small>
</div>
</div>
</div>
</div>
<div class="col-md-4">
<div class="card">
<div class="card-header">
<h6 class="card-title">Scenarios</h6>
</div>
<div class="card-body">
<div class="">
<canvas id='child-analysis' width='115' height='90'></canvas>
</div>
</div>
<div class="card-footer">
<div><small data-tooltip='46%'><b>7</b> scenarios passed</small></div>
<div>
<small data-tooltip='53%'><b>8</b> scenarios failed,
<b>0</b> skipped, <b data-tooltip='%'>0</b> others
</small>
</div>
</div>
</div>
</div>
<div class="col-md-4">
<div class="card">
<div class="card-header">
<h6 class="card-title">Steps</h6>
</div>
<div class="card-body">
<div class="">
<canvas id='grandchild-analysis' width='115' height='90'></canvas>
</div>
</div>
<div class="card-footer">
<div><small data-tooltip='82%'><b>111</b> steps passed</small></div>
<div>
<small data-tooltip='5%'><b>8</b> steps failed,
<b>16</b> skipped, <b data-tooltip='%'>0</b> others
</small>
</div>
</div>
</div>
</div>
</div>
<div class="row"><div class="col-md-12">
<div class="card"><div class="card-header"><p>Timeline</p></div>
<div class="card-body pt-0"><div>
<canvas id="timeline" height="120"></canvas>
</div></div>
</div>
</div></div>
<script>
var timeline = {
"email should be validated with API":7.928,"email should be validated with DB":3.722,"Choose a username that can contain any chars, but it cannot be blank":153.976
};
</script>
<div class="row">
<div class="col-lg-6 col-md-12 category-container">
<div class="card">
<div class="card-header"><p>Tags</p></div>
<div class="card-body pb-0 pt-0"><table class="table table-sm table-bordered">
<thead><tr class="bg-gray"><th>Name</th><th>Passed</th><th>Failed</th><th>Skipped</th><th>Others</th><th>Passed %</th></tr></thead><tbody>
<tr>
<td>@US_002_TC_005</td>
<td>1</td>
<td>0</td>
<td>0</td>
<td>0</td>
<td>100%</td>
</tr>
<tr>
<td>@US_002_TC_013</td>
<td>1</td>
<td>0</td>
<td>0</td>
<td>0</td>
<td>100%</td>
</tr>
<tr>
<td>@US_002_TC_006</td>
<td>1</td>
<td>0</td>
<td>0</td>
<td>0</td>
<td>100%</td>
</tr>
<tr>
<td>@US02</td>
<td>7</td>
<td>8</td>
<td>0</td>
<td>0</td>
<td>46.667%</td>
</tr>
<tr>
<td>@US_002_TC_001</td>
<td>5</td>
<td>7</td>
<td>0</td>
<td>0</td>
<td>41.667%</td>
</tr>
<tr>
<td>@US_002_TC_004</td>
<td>1</td>
<td>0</td>
<td>0</td>
<td>0</td>
<td>100%</td>
</tr>
<tr>
<td>@team87</td>
<td>7</td>
<td>8</td>
<td>0</td>
<td>0</td>
<td>46.667%</td>
</tr>
<tr>
<td>@US_002_TC_015</td>
<td>0</td>
<td>1</td>
<td>0</td>
<td>0</td>
<td>0%</td>
</tr>
<tr>
<td>@US_002_TC_007</td>
<td>1</td>
<td>0</td>
<td>0</td>
<td>0</td>
<td>100%</td>
</tr>
<tr>
<td>@US_002_TC_003</td>
<td>0</td>
<td>1</td>
<td>0</td>
<td>0</td>
<td>0%</td>
</tr>
<tr>
<td>@api</td>
<td>1</td>
<td>1</td>
<td>0</td>
<td>0</td>
<td>50%</td>
</tr>
<tr>
<td>@db</td>
<td>1</td>
<td>0</td>
<td>0</td>
<td>0</td>
<td>100%</td>
</tr>
<tr>
<td>@ui</td>
<td>5</td>
<td>7</td>
<td>0</td>
<td>0</td>
<td>41.667%</td>
</tr>
<tr>
<td>@US_002_TC_014</td>
<td>1</td>
<td>1</td>
<td>0</td>
<td>0</td>
<td>50%</td>
</tr>
<tr>
<td>@US_002_TC_002</td>
<td>1</td>
<td>0</td>
<td>0</td>
<td>0</td>
<td>100%</td>
</tr>
</tbody>
</table></div>
</div>
</div>
<div class="col-lg-6 col-md-12 sysenv-container">
<div class="card">
<div class="card-header"><p>System/Environment</p></div>
<div class="card-body pb-0 pt-0"><table class="table table-sm table-bordered">
<thead><tr class="bg-gray"><th>Name</th><th>Value</th></tr></thead>
<tbody>
<tr>
<td>os</td>
<td>Mac</td>
</tr>
</tbody>
</table></div>
</div>
</div>
</div>
</div>
<script>
var statusGroup = {
parentCount: 5,
passParent: 1,
failParent: 2,
warningParent: 0,
skipParent: 0,
childCount: 5,
passChild: 7,
failChild: 8,
warningChild: 0,
skipChild: 0,
infoChild: 0,
grandChildCount: 5,
passGrandChild: 111,
failGrandChild: 8,
warningGrandChild: 0,
skipGrandChild: 16,
infoGrandChild: 0,
eventsCount: 5,
};
</script><div class="test-wrapper row view test-view">
  <div class="test-list">
    <div class="test-list-tools">
<ul class="tools pull-left">
<li><a href="#"><span class="font-size-14">Tests</span></a></li>
</ul>
<ul class="tools text-right">
<li class="dropdown">
<a href="#" class="dropdown-toggle" data-toggle="dropdown"><i class="fa fa-exclamation-circle"></i></a>
<ul id="status-toggle" class="dropdown-menu dropdown-md p-v-0">
<a class="dropdown-item" status="pass" href="#"><span>Pass</span><span class="status success"></span></a>
<a class="dropdown-item" status="fail" href="#"><span>Fail</span><span class="status danger"></span></a>
<div class="dropdown-divider"></div>
<a status="clear" class="dropdown-item" href="#"><span>Clear</span><span class="pull-right"><i class="fa fa-close"></i></span></a>
</ul>
</li>
<li class="dropdown">
<a href="#" class="dropdown-toggle" data-toggle="dropdown"><i class="fa fa-tag"></i></a>
<ul id="tag-toggle" class="dropdown-menu dropdown-md p-v-0">
<a class="dropdown-item" href="#">@US_002_TC_005</a><a class="dropdown-item" href="#">@US_002_TC_013</a><a class="dropdown-item" href="#">@US_002_TC_006</a><a class="dropdown-item" href="#">@US02</a><a class="dropdown-item" href="#">@US_002_TC_001</a><a class="dropdown-item" href="#">@US_002_TC_004</a><a class="dropdown-item" href="#">@team87</a><a class="dropdown-item" href="#">@US_002_TC_015</a><a class="dropdown-item" href="#">@US_002_TC_007</a><a class="dropdown-item" href="#">@US_002_TC_003</a><a class="dropdown-item" href="#">@api</a><a class="dropdown-item" href="#">@db</a><a class="dropdown-item" href="#">@ui</a><a class="dropdown-item" href="#">@US_002_TC_014</a><a class="dropdown-item" href="#">@US_002_TC_002</a>
</ul>
</li>
</ul>
</div>    <div class="test-list-wrapper scrollable">
      <ul class="test-list-item">
        <li class="test-item"  status="fail" test-id="1"
          author=""
          tag=""
          device="">
          <div class="test-detail">
            <p class="name">email should be validated with API</p>
            <p class="text-sm">
              <span>14:45:25</span> / <span>00:00:07:928</span>
              <span class="badge fail-bg log float-right">Fail</span>
            </p>
          </div>
          <div class="test-contents d-none">
<div class="detail-head">
<div class="p-v-10">
<div class="info">
<h5 class="test-status text-fail">email should be validated with API</h5>
<span class='badge badge-success'>07.15.2022 14:45:25</span>
<span class='badge badge-danger'>07.15.2022 14:45:33</span>
<span class='badge badge-default'>00:00:07:928</span>
&middot; <span class='uri-anchor badge badge-default'>#test-id=1</span>
<span class='badge badge-default pointer float-right ml-1 et'><i class="fa fa-chevron-down"></i></span>
<span class='badge badge-default pointer float-right ct'><i class="fa fa-chevron-up"></i></span>
</div>
<div class="m-t-10 m-l-5"></div>
</div>
</div>
<div class="accordion mt-4">
  <div class="card">
    <div class="card-header" role="tab">
      <div class="card-title">
        <div class="node" id="2"><span class="badge log pass-bg mr-2">Pass</span>email should be validated with API</div>
      </div>
    </div>
        <div class="collapse">
          <div class="card-body">
              <div class="step pass-bg" title="stepdefinitions.apisteps.US_002_API_Stepdefs.user_sends_post_request_to_get_bearer_token()">
                <span>Given user sends POST request to get Bearer Token</span>
      <div>
      </div>
              </div>
              <div class="step pass-bg" title="stepdefinitions.apisteps.US_002_API_Stepdefs.user_verifies_that_response_status_code_is(java.lang.Integer)">
                <span>Then user verifies that response status code is 200</span>
      <div>
      </div>
              </div>
              <div class="step pass-bg" title="stepdefinitions.apisteps.US_002_API_Stepdefs.user_sends_a_get_request_to_get_email_address()">
                <span>And user sends a GET request to get email address</span>
      <div>
      </div>
              </div>
              <div class="step pass-bg" title="stepdefinitions.apisteps.US_002_API_Stepdefs.user_verifies_that_response_status_code_is(java.lang.Integer)">
                <span>Then user verifies that response status code is 200</span>
      <div>
      </div>
              </div>
              <div class="step pass-bg" title="stepdefinitions.apisteps.US_002_API_Stepdefs.user_verifies_that_the_returned_information_matches_the_expected_one()">
                <span>Then user verifies that the returned information matches the expected one</span>
      <div>
      </div>
              </div>
          </div>
        </div>
  </div>
  <div class="card">
    <div class="card-header" role="tab">
      <div class="card-title">
        <div class="node" id="8"><span class="badge log fail-bg mr-2">Fail</span>username should be validated with API</div>
      </div>
    </div>
        <div class="">
          <div class="card-body">
              <div class="step fail-bg" title="stepdefinitions.apisteps.US_002_API_Stepdefs.user_sends_post_request_to_get_bearer_token()">
                <span>Given user sends POST request to get Bearer Token</span>
      <div>
        <textarea disabled class="code-block">java.lang.IllegalArgumentException: Invalid number of path parameters. Expected 1, was 2. Redundant path parameters are: second=notpatient.
	at sun.reflect.NativeConstructorAccessorImpl.newInstance0(Native Method)
	at sun.reflect.NativeConstructorAccessorImpl.newInstance(NativeConstructorAccessorImpl.java:62)
	at sun.reflect.DelegatingConstructorAccessorImpl.newInstance(DelegatingConstructorAccessorImpl.java:45)
	at java.lang.reflect.Constructor.newInstance(Constructor.java:423)
	at org.codehaus.groovy.reflection.CachedConstructor.invoke(CachedConstructor.java:72)
	at org.codehaus.groovy.reflection.CachedConstructor.doConstructorInvoke(CachedConstructor.java:59)
	at org.codehaus.groovy.runtime.callsite.ConstructorSite$ConstructorSiteNoUnwrap.callConstructor(ConstructorSite.java:84)
	at org.codehaus.groovy.runtime.callsite.CallSiteArray.defaultCallConstructor(CallSiteArray.java:59)
	at org.codehaus.groovy.runtime.callsite.AbstractCallSite.callConstructor(AbstractCallSite.java:263)
	at org.codehaus.groovy.runtime.callsite.AbstractCallSite.callConstructor(AbstractCallSite.java:277)
	at io.restassured.internal.RequestSpecificationImpl.assertCorrectNumberOfPathParams(RequestSpecificationImpl.groovy:1248)
	at sun.reflect.NativeMethodAccessorImpl.invoke0(Native Method)
	at sun.reflect.NativeMethodAccessorImpl.invoke(NativeMethodAccessorImpl.java:62)
	at sun.reflect.DelegatingMethodAccessorImpl.invoke(DelegatingMethodAccessorImpl.java:43)
	at java.lang.reflect.Method.invoke(Method.java:498)
	at org.codehaus.groovy.reflection.CachedMethod.invoke(CachedMethod.java:107)
	at groovy.lang.MetaMethod.doMethodInvoke(MetaMethod.java:323)
	at groovy.lang.MetaClassImpl.invokeMethod(MetaClassImpl.java:1262)
	at groovy.lang.MetaClassImpl.invokeMethod(MetaClassImpl.java:1029)
	at groovy.lang.MetaClassImpl.invokeMethod(MetaClassImpl.java:816)
	at groovy.lang.GroovyObject.invokeMethod(GroovyObject.java:39)
	at org.codehaus.groovy.runtime.callsite.PogoInterceptableSite.call(PogoInterceptableSite.java:45)
	at org.codehaus.groovy.runtime.callsite.PogoInterceptableSite.callCurrent(PogoInterceptableSite.java:55)
	at org.codehaus.groovy.runtime.callsite.AbstractCallSite.callCurrent(AbstractCallSite.java:176)
	at io.restassured.internal.RequestSpecificationImpl.sendRequest(RequestSpecificationImpl.groovy:1135)
	at sun.reflect.NativeMethodAccessorImpl.invoke0(Native Method)
	at sun.reflect.NativeMethodAccessorImpl.invoke(NativeMethodAccessorImpl.java:62)
	at sun.reflect.DelegatingMethodAccessorImpl.invoke(DelegatingMethodAccessorImpl.java:43)
	at java.lang.reflect.Method.invoke(Method.java:498)
	at org.codehaus.groovy.reflection.CachedMethod.invoke(CachedMethod.java:107)
	at groovy.lang.MetaMethod.doMethodInvoke(MetaMethod.java:323)
	at groovy.lang.MetaClassImpl.invokeMethod(MetaClassImpl.java:1262)
	at groovy.lang.MetaClassImpl.invokeMethod(MetaClassImpl.java:1029)
	at groovy.lang.MetaClassImpl.invokeMethod(MetaClassImpl.java:816)
	at groovy.lang.GroovyObject.invokeMethod(GroovyObject.java:39)
	at org.codehaus.groovy.runtime.callsite.PogoInterceptableSite.call(PogoInterceptableSite.java:45)
	at org.codehaus.groovy.runtime.callsite.AbstractCallSite.call(AbstractCallSite.java:166)
	at io.restassured.internal.filter.SendRequestFilter.filter(SendRequestFilter.groovy:30)
	at io.restassured.filter.Filter$filter$0.call(Unknown Source)
	at org.codehaus.groovy.runtime.callsite.CallSiteArray.defaultCall(CallSiteArray.java:47)
	at io.restassured.filter.Filter$filter.call(Unknown Source)
	at io.restassured.internal.filter.FilterContextImpl.next(FilterContextImpl.groovy:72)
	at io.restassured.filter.time.TimingFilter.filter(TimingFilter.java:56)
	at io.restassured.filter.Filter$filter.call(Unknown Source)
	at org.codehaus.groovy.runtime.callsite.CallSiteArray.defaultCall(CallSiteArray.java:47)
	at io.restassured.filter.Filter$filter$0.call(Unknown Source)
	at io.restassured.internal.filter.FilterContextImpl.next(FilterContextImpl.groovy:72)
	at io.restassured.filter.FilterContext$next.call(Unknown Source)
	at io.restassured.internal.RequestSpecificationImpl.applyPathParamsAndSendRequest(RequestSpecificationImpl.groovy:1655)
	at sun.reflect.NativeMethodAccessorImpl.invoke0(Native Method)
	at sun.reflect.NativeMethodAccessorImpl.invoke(NativeMethodAccessorImpl.java:62)
	at sun.reflect.DelegatingMethodAccessorImpl.invoke(DelegatingMethodAccessorImpl.java:43)
	at java.lang.reflect.Method.invoke(Method.java:498)
	at org.codehaus.groovy.reflection.CachedMethod.invoke(CachedMethod.java:107)
	at groovy.lang.MetaMethod.doMethodInvoke(MetaMethod.java:323)
	at groovy.lang.MetaClassImpl.invokeMethod(MetaClassImpl.java:1262)
	at groovy.lang.MetaClassImpl.invokeMethod(MetaClassImpl.java:1029)
	at groovy.lang.MetaClassImpl.invokeMethod(MetaClassImpl.java:816)
	at groovy.lang.GroovyObject.invokeMethod(GroovyObject.java:39)
	at org.codehaus.groovy.runtime.callsite.PogoInterceptableSite.call(PogoInterceptableSite.java:45)
	at org.codehaus.groovy.runtime.callsite.PogoInterceptableSite.callCurrent(PogoInterceptableSite.java:55)
	at org.codehaus.groovy.runtime.callsite.AbstractCallSite.callCurrent(AbstractCallSite.java:203)
	at io.restassured.internal.RequestSpecificationImpl.applyPathParamsAndSendRequest(RequestSpecificationImpl.groovy:1661)
	at sun.reflect.NativeMethodAccessorImpl.invoke0(Native Method)
	at sun.reflect.NativeMethodAccessorImpl.invoke(NativeMethodAccessorImpl.java:62)
	at sun.reflect.DelegatingMethodAccessorImpl.invoke(DelegatingMethodAccessorImpl.java:43)
	at java.lang.reflect.Method.invoke(Method.java:498)
	at org.codehaus.groovy.reflection.CachedMethod.invoke(CachedMethod.java:107)
	at groovy.lang.MetaMethod.doMethodInvoke(MetaMethod.java:323)
	at groovy.lang.MetaClassImpl.invokeMethod(MetaClassImpl.java:1262)
	at groovy.lang.MetaClassImpl.invokeMethod(MetaClassImpl.java:1029)
	at groovy.lang.MetaClassImpl.invokeMethod(MetaClassImpl.java:816)
	at groovy.lang.GroovyObject.invokeMethod(GroovyObject.java:39)
	at org.codehaus.groovy.runtime.callsite.PogoInterceptableSite.call(PogoInterceptableSite.java:45)
	at org.codehaus.groovy.runtime.callsite.PogoInterceptableSite.callCurrent(PogoInterceptableSite.java:55)
	at org.codehaus.groovy.runtime.callsite.AbstractCallSite.callCurrent(AbstractCallSite.java:203)
	at io.restassured.internal.RequestSpecificationImpl.post(RequestSpecificationImpl.groovy:175)
	at io.restassured.internal.RequestSpecificationImpl.post(RequestSpecificationImpl.groovy)
	at utilities.ApiUtils.post(ApiUtils.java:106)
	at stepdefinitions.apisteps.US_002_API_Stepdefs.user_sends_post_request_to_get_bearer_token(US_002_API_Stepdefs.java:19)
	at ✽.user sends POST request to get Bearer Token(file:///Users/papatya/IdeaProjects/medunnateam87/./src/test/resources/features/APIFeatures/US02_GetNewRegistrantInfo_API.feature:16)
</textarea>
      
      </div>
              </div>
              <div class="step skip-bg" title="stepdefinitions.apisteps.US_002_API_Stepdefs.user_verifies_that_response_status_code_is(java.lang.Integer)">
                <span>Then user verifies that response status code is 200</span>
      <div>Step skipped
      </div>
              </div>
              <div class="step skip-bg" title="stepdefinitions.apisteps.US_002_API_Stepdefs.user_sends_a_get_request_to_get_email_address()">
                <span>And user sends a GET request to get email address</span>
      <div>Step skipped
      </div>
              </div>
              <div class="step skip-bg" title="stepdefinitions.apisteps.US_002_API_Stepdefs.user_verifies_that_response_status_code_is(java.lang.Integer)">
                <span>Then user verifies that response status code is 200</span>
      <div>Step skipped
      </div>
              </div>
              <div class="step skip-bg" title="stepdefinitions.apisteps.US_002_API_Stepdefs.userVerifiesThatTheReturnedInformationMatchesTheExpectedOneAndIsUnique()">
                <span>Then user verifies that the returned information matches the expected one, and is unique</span>
      <div>Step skipped
      </div>
              </div>
          </div>
        </div>
  </div>
</div>
          </div>
        </li>
        <li class="test-item"  status="pass" test-id="14"
          author=""
          tag=""
          device="">
          <div class="test-detail">
            <p class="name">email should be validated with DB</p>
            <p class="text-sm">
              <span>14:45:33</span> / <span>00:00:03:722</span>
              <span class="badge pass-bg log float-right">Pass</span>
            </p>
          </div>
          <div class="test-contents d-none">
<div class="detail-head">
<div class="p-v-10">
<div class="info">
<h5 class="test-status text-pass">email should be validated with DB</h5>
<span class='badge badge-success'>07.15.2022 14:45:33</span>
<span class='badge badge-danger'>07.15.2022 14:45:36</span>
<span class='badge badge-default'>00:00:03:722</span>
&middot; <span class='uri-anchor badge badge-default'>#test-id=14</span>
<span class='badge badge-default pointer float-right ml-1 et'><i class="fa fa-chevron-down"></i></span>
<span class='badge badge-default pointer float-right ct'><i class="fa fa-chevron-up"></i></span>
</div>
<div class="m-t-10 m-l-5"></div>
</div>
</div>
<div class="accordion mt-4">
  <div class="card">
    <div class="card-header" role="tab">
      <div class="card-title">
        <div class="node" id="15"><span class="badge log pass-bg mr-2">Pass</span>email should be validated with DB</div>
      </div>
    </div>
        <div class="collapse">
          <div class="card-body">
              <div class="step pass-bg" title="stepdefinitions.dbsteps.US_002_DB_Stepdefs.user_connects_to_medunna_db_with_valid_credentials()">
                <span>Given user connects to medunna_db with valid credentials</span>
      <div>
      </div>
              </div>
              <div class="step pass-bg" title="stepdefinitions.dbsteps.US_002_DB_Stepdefs.user_sends_a_requests_to_get_the_user_details_with_a_specific_valid_email_address()">
                <span>When user sends a requests to get the user details with a specific valid email address</span>
      <div>
      </div>
              </div>
              <div class="step pass-bg" title="stepdefinitions.dbsteps.US_002_DB_Stepdefs.user_confirmes_the_request_with_the_email_address_returns_information()">
                <span>Then user confirmes the request with the email address returns information</span>
      <div>
      </div>
              </div>
              <div class="step pass-bg" title="stepdefinitions.dbsteps.US_002_DB_Stepdefs.user_closes_database_connection()">
                <span>Then user closes database connection</span>
      <div>
      </div>
              </div>
          </div>
        </div>
  </div>
</div>
          </div>
        </li>
        <li class="test-item"  status="fail" test-id="20"
          author=""
          tag=""
          device="">
          <div class="test-detail">
            <p class="name">Choose a username that can contain any chars, but it cannot be blank</p>
            <p class="text-sm">
              <span>14:45:36</span> / <span>00:02:33:976</span>
              <span class="badge fail-bg log float-right">Fail</span>
            </p>
          </div>
          <div class="test-contents d-none">
<div class="detail-head">
<div class="p-v-10">
<div class="info">
<h5 class="test-status text-fail">Choose a username that can contain any chars, but it cannot be blank</h5>
<span class='badge badge-success'>07.15.2022 14:45:36</span>
<span class='badge badge-danger'>07.15.2022 14:48:10</span>
<span class='badge badge-default'>00:02:33:976</span>
&middot; <span class='uri-anchor badge badge-default'>#test-id=20</span>
<span class='badge badge-default pointer float-right ml-1 et'><i class="fa fa-chevron-down"></i></span>
<span class='badge badge-default pointer float-right ct'><i class="fa fa-chevron-up"></i></span>
</div>
<div class="m-t-10 m-l-5"></div>
</div>
</div>
<div class="accordion mt-4">
  <div class="card">
    <div class="card-header" role="tab">
      <div class="card-title">
        <div class="node" id="21"><span class="badge log fail-bg mr-2">Fail</span>test username for new applicant</div>
      </div>
    </div>
        <div class="scenario_outline ">
            <div class="card-body l1">
              <div class="card-header">
                <div class="card-title outline-child">
                  <div class="node" id="22"><span class="badge log fail-bg mr-2">Fail</span>test username for new applicant</div>
                </div>
              </div>
              <div class="card-body mt-3 ">
                  <div class="step pass-bg">
                    <span>Given user goes to webpage</span>
      <div>
      </div>
                  </div>
                  <div class="step pass-bg">
                    <span>When user navigates to registration page</span>
      <div>
      </div>
                  </div>
                  <div class="step pass-bg">
                    <span>And user verifies Registration is displayed</span>
      <div>
      </div>
                  </div>
                  <div class="step pass-bg">
                    <span>And user provides ssn id as "281-13-5239"</span>
      <div>
      </div>
                  </div>
                  <div class="step pass-bg">
                    <span>And user provides firstname as "Mario"</span>
      <div>
      </div>
                  </div>
                  <div class="step pass-bg">
                    <span>And user provides lastname as "Costa"</span>
      <div>
      </div>
                  </div>
                  <div class="step pass-bg">
                    <span>And user provides username as "abcdefghijklmn111213"</span>
      <div>
      </div>
                  </div>
                  <div class="step pass-bg">
                    <span>And user provides email as "31211mariocosta@gmail.com"</span>
      <div>
      </div>
                  </div>
                  <div class="step pass-bg">
                    <span>When user types password as "1234"</span>
      <div>
      </div>
                  </div>
                  <div class="step pass-bg">
                    <span>And user types password confirmation as "1234"</span>
      <div>
      </div>
                  </div>
                  <div class="step pass-bg">
                    <span>And user clicks on Register button</span>
      <div>
      </div>
                  </div>
                  <div class="step fail-bg">
                    <span>Then user should see Registration saved message</span>
      <div>
        <textarea disabled class="code-block">org.openqa.selenium.TimeoutException: Expected condition failed: waiting for visibility of element located by By.xpath: //*[text()='Registration Saved'] (tried for 10 second(s) with 500 milliseconds interval)
	at org.openqa.selenium.support.ui.WebDriverWait.timeoutException(WebDriverWait.java:95)
	at org.openqa.selenium.support.ui.FluentWait.until(FluentWait.java:272)
	at stepdefinitions.uisteps.US_002_Stepdefs.user_should_see_registration_saved_message(US_002_Stepdefs.java:85)
	at ✽.user should see Registration saved message(file:///Users/papatya/IdeaProjects/medunnateam87/./src/test/resources/features/UIFeatures/US02_NewRegistrant_UI.feature:16)
Caused by: org.openqa.selenium.NoSuchElementException: no such element: Unable to locate element: {"method":"xpath","selector":"//*[text()='Registration Saved']"}
  (Session info: chrome=103.0.5060.114)
For documentation on this error, please visit: https://www.seleniumhq.org/exceptions/no_such_element.html
Build info: version: '3.141.59', revision: 'e82be7d358', time: '2018-11-14T08:17:03'
System info: host: 'zeytin.local', ip: '2a02:4e0:2d15:d1:3184:f91b:b464:8096%en0', os.name: 'Mac OS X', os.arch: 'aarch64', os.version: '12.4', java.version: '1.8.0_333'
Driver info: org.openqa.selenium.chrome.ChromeDriver
Capabilities {acceptInsecureCerts: false, browserName: chrome, browserVersion: 103.0.5060.114, chrome: {chromedriverVersion: 103.0.5060.53 (a1711811edd7..., userDataDir: /var/folders/ck/bc46sjz11js...}, goog:chromeOptions: {debuggerAddress: localhost:59641}, javascriptEnabled: true, networkConnectionEnabled: false, pageLoadStrategy: normal, platform: MAC, platformName: MAC, proxy: Proxy(), setWindowRect: true, strictFileInteractability: false, timeouts: {implicit: 0, pageLoad: 300000, script: 30000}, unhandledPromptBehavior: dismiss and notify, webauthn:extension:credBlob: true, webauthn:extension:largeBlob: true, webauthn:virtualAuthenticators: true}
Session ID: 9832a1b3499bbea2e260fd64de600501
*** Element info: {Using=xpath, value=//*[text()='Registration Saved']}
	at sun.reflect.NativeConstructorAccessorImpl.newInstance0(Native Method)
	at sun.reflect.NativeConstructorAccessorImpl.newInstance(NativeConstructorAccessorImpl.java:62)
	at sun.reflect.DelegatingConstructorAccessorImpl.newInstance(DelegatingConstructorAccessorImpl.java:45)
	at java.lang.reflect.Constructor.newInstance(Constructor.java:423)
	at org.openqa.selenium.remote.http.W3CHttpResponseCodec.createException(W3CHttpResponseCodec.java:187)
	at org.openqa.selenium.remote.http.W3CHttpResponseCodec.decode(W3CHttpResponseCodec.java:122)
	at org.openqa.selenium.remote.http.W3CHttpResponseCodec.decode(W3CHttpResponseCodec.java:49)
	at org.openqa.selenium.remote.HttpCommandExecutor.execute(HttpCommandExecutor.java:158)
	at org.openqa.selenium.remote.service.DriverCommandExecutor.execute(DriverCommandExecutor.java:83)
	at org.openqa.selenium.remote.RemoteWebDriver.execute(RemoteWebDriver.java:552)
	at org.openqa.selenium.remote.RemoteWebDriver.findElement(RemoteWebDriver.java:323)
	at org.openqa.selenium.remote.RemoteWebDriver.findElementByXPath(RemoteWebDriver.java:428)
	at org.openqa.selenium.By$ByXPath.findElement(By.java:353)
	at org.openqa.selenium.remote.RemoteWebDriver.findElement(RemoteWebDriver.java:315)
	at org.openqa.selenium.support.ui.ExpectedConditions$7.apply(ExpectedConditions.java:205)
	at org.openqa.selenium.support.ui.ExpectedConditions$7.apply(ExpectedConditions.java:201)
	at org.openqa.selenium.support.ui.FluentWait.until(FluentWait.java:249)
	at stepdefinitions.uisteps.US_002_Stepdefs.user_should_see_registration_saved_message(US_002_Stepdefs.java:85)
	at sun.reflect.NativeMethodAccessorImpl.invoke0(Native Method)
	at sun.reflect.NativeMethodAccessorImpl.invoke(NativeMethodAccessorImpl.java:62)
	at sun.reflect.DelegatingMethodAccessorImpl.invoke(DelegatingMethodAccessorImpl.java:43)
	at java.lang.reflect.Method.invoke(Method.java:498)
	at io.cucumber.java.Invoker.doInvoke(Invoker.java:66)
	at io.cucumber.java.Invoker.invoke(Invoker.java:24)
	at io.cucumber.java.AbstractGlueDefinition.invokeMethod(AbstractGlueDefinition.java:47)
	at io.cucumber.java.JavaStepDefinition.execute(JavaStepDefinition.java:29)
	at io.cucumber.core.runner.CoreStepDefinition.execute(CoreStepDefinition.java:66)
	at io.cucumber.core.runner.PickleStepDefinitionMatch.runStep(PickleStepDefinitionMatch.java:63)
	at io.cucumber.core.runner.ExecutionMode$1.execute(ExecutionMode.java:10)
	at io.cucumber.core.runner.TestStep.executeStep(TestStep.java:92)
	at io.cucumber.core.runner.TestStep.run(TestStep.java:64)
	at io.cucumber.core.runner.PickleStepTestStep.run(PickleStepTestStep.java:51)
	at io.cucumber.core.runner.TestCase.run(TestCase.java:104)
	at io.cucumber.core.runner.Runner.runPickle(Runner.java:73)
	at io.cucumber.junit.PickleRunners$NoStepDescriptions.run(PickleRunners.java:151)
	at io.cucumber.junit.FeatureRunner.runChild(FeatureRunner.java:135)
	at io.cucumber.junit.FeatureRunner.runChild(FeatureRunner.java:27)
	at org.junit.runners.ParentRunner$4.run(ParentRunner.java:331)
	at org.junit.runners.ParentRunner$1.schedule(ParentRunner.java:79)
	at org.junit.runners.ParentRunner.runChildren(ParentRunner.java:329)
	at org.junit.runners.ParentRunner.access$100(ParentRunner.java:66)
	at org.junit.runners.ParentRunner$2.evaluate(ParentRunner.java:293)
	at org.junit.runners.ParentRunner$3.evaluate(ParentRunner.java:306)
	at org.junit.runners.ParentRunner.run(ParentRunner.java:413)
	at io.cucumber.junit.Cucumber.runChild(Cucumber.java:200)
	at io.cucumber.junit.Cucumber.runChild(Cucumber.java:90)
	at org.junit.runners.ParentRunner$4.run(ParentRunner.java:331)
	at org.junit.runners.ParentRunner$1.schedule(ParentRunner.java:79)
	at org.junit.runners.ParentRunner.runChildren(ParentRunner.java:329)
	at org.junit.runners.ParentRunner.access$100(ParentRunner.java:66)
	at org.junit.runners.ParentRunner$2.evaluate(ParentRunner.java:293)
	at io.cucumber.junit.Cucumber$RunCucumber.evaluate(Cucumber.java:235)
	at org.junit.runners.ParentRunner$3.evaluate(ParentRunner.java:306)
	at org.junit.runners.ParentRunner.run(ParentRunner.java:413)
	at org.junit.runner.JUnitCore.run(JUnitCore.java:137)
	at com.intellij.junit4.JUnit4IdeaTestRunner.startRunnerWithArgs(JUnit4IdeaTestRunner.java:69)
	at com.intellij.rt.junit.IdeaTestRunner$Repeater$1.execute(IdeaTestRunner.java:38)
	at com.intellij.rt.execution.junit.TestsRepeater.repeat(TestsRepeater.java:11)
	at com.intellij.rt.junit.IdeaTestRunner$Repeater.startRunnerWithArgs(IdeaTestRunner.java:35)
	at com.intellij.rt.junit.JUnitStarter.prepareStreamsAndStart(JUnitStarter.java:235)
	at com.intellij.rt.junit.JUnitStarter.main(JUnitStarter.java:54)
</textarea>
      
      </div>
                  </div>
                  <div class="step skip-bg">
                    <span>And user closes the browser</span>
      <div>Step skipped
      </div>
                  </div>
              </div>
            </div>
            <div class="card-body l1">
              <div class="card-header">
                <div class="card-title outline-child">
                  <div class="node" id="36"><span class="badge log fail-bg mr-2">Fail</span>test username for new applicant</div>
                </div>
              </div>
              <div class="card-body mt-3 ">
                  <div class="step pass-bg">
                    <span>Given user goes to webpage</span>
      <div>
      </div>
                  </div>
                  <div class="step pass-bg">
                    <span>When user navigates to registration page</span>
      <div>
      </div>
                  </div>
                  <div class="step pass-bg">
                    <span>And user verifies Registration is displayed</span>
      <div>
      </div>
                  </div>
                  <div class="step pass-bg">
                    <span>And user provides ssn id as "382-13-5239"</span>
      <div>
      </div>
                  </div>
                  <div class="step pass-bg">
                    <span>And user provides firstname as "Mario"</span>
      <div>
      </div>
                  </div>
                  <div class="step pass-bg">
                    <span>And user provides lastname as "Costa"</span>
      <div>
      </div>
                  </div>
                  <div class="step pass-bg">
                    <span>And user provides username as "opqrstuvwxyz111213"</span>
      <div>
      </div>
                  </div>
                  <div class="step pass-bg">
                    <span>And user provides email as "31211mariocosta1@gmail.com"</span>
      <div>
      </div>
                  </div>
                  <div class="step pass-bg">
                    <span>When user types password as "1234"</span>
      <div>
      </div>
                  </div>
                  <div class="step pass-bg">
                    <span>And user types password confirmation as "1234"</span>
      <div>
      </div>
                  </div>
                  <div class="step pass-bg">
                    <span>And user clicks on Register button</span>
      <div>
      </div>
                  </div>
                  <div class="step fail-bg">
                    <span>Then user should see Registration saved message</span>
      <div>
        <textarea disabled class="code-block">org.openqa.selenium.TimeoutException: Expected condition failed: waiting for visibility of element located by By.xpath: //*[text()='Registration Saved'] (tried for 10 second(s) with 500 milliseconds interval)
	at org.openqa.selenium.support.ui.WebDriverWait.timeoutException(WebDriverWait.java:95)
	at org.openqa.selenium.support.ui.FluentWait.until(FluentWait.java:272)
	at stepdefinitions.uisteps.US_002_Stepdefs.user_should_see_registration_saved_message(US_002_Stepdefs.java:85)
	at ✽.user should see Registration saved message(file:///Users/papatya/IdeaProjects/medunnateam87/./src/test/resources/features/UIFeatures/US02_NewRegistrant_UI.feature:16)
Caused by: org.openqa.selenium.NoSuchElementException: no such element: Unable to locate element: {"method":"xpath","selector":"//*[text()='Registration Saved']"}
  (Session info: chrome=103.0.5060.114)
For documentation on this error, please visit: https://www.seleniumhq.org/exceptions/no_such_element.html
Build info: version: '3.141.59', revision: 'e82be7d358', time: '2018-11-14T08:17:03'
System info: host: 'zeytin.local', ip: '2a02:4e0:2d15:d1:3184:f91b:b464:8096%en0', os.name: 'Mac OS X', os.arch: 'aarch64', os.version: '12.4', java.version: '1.8.0_333'
Driver info: org.openqa.selenium.chrome.ChromeDriver
Capabilities {acceptInsecureCerts: false, browserName: chrome, browserVersion: 103.0.5060.114, chrome: {chromedriverVersion: 103.0.5060.53 (a1711811edd7..., userDataDir: /var/folders/ck/bc46sjz11js...}, goog:chromeOptions: {debuggerAddress: localhost:59641}, javascriptEnabled: true, networkConnectionEnabled: false, pageLoadStrategy: normal, platform: MAC, platformName: MAC, proxy: Proxy(), setWindowRect: true, strictFileInteractability: false, timeouts: {implicit: 0, pageLoad: 300000, script: 30000}, unhandledPromptBehavior: dismiss and notify, webauthn:extension:credBlob: true, webauthn:extension:largeBlob: true, webauthn:virtualAuthenticators: true}
Session ID: 9832a1b3499bbea2e260fd64de600501
*** Element info: {Using=xpath, value=//*[text()='Registration Saved']}
	at sun.reflect.NativeConstructorAccessorImpl.newInstance0(Native Method)
	at sun.reflect.NativeConstructorAccessorImpl.newInstance(NativeConstructorAccessorImpl.java:62)
	at sun.reflect.DelegatingConstructorAccessorImpl.newInstance(DelegatingConstructorAccessorImpl.java:45)
	at java.lang.reflect.Constructor.newInstance(Constructor.java:423)
	at org.openqa.selenium.remote.http.W3CHttpResponseCodec.createException(W3CHttpResponseCodec.java:187)
	at org.openqa.selenium.remote.http.W3CHttpResponseCodec.decode(W3CHttpResponseCodec.java:122)
	at org.openqa.selenium.remote.http.W3CHttpResponseCodec.decode(W3CHttpResponseCodec.java:49)
	at org.openqa.selenium.remote.HttpCommandExecutor.execute(HttpCommandExecutor.java:158)
	at org.openqa.selenium.remote.service.DriverCommandExecutor.execute(DriverCommandExecutor.java:83)
	at org.openqa.selenium.remote.RemoteWebDriver.execute(RemoteWebDriver.java:552)
	at org.openqa.selenium.remote.RemoteWebDriver.findElement(RemoteWebDriver.java:323)
	at org.openqa.selenium.remote.RemoteWebDriver.findElementByXPath(RemoteWebDriver.java:428)
	at org.openqa.selenium.By$ByXPath.findElement(By.java:353)
	at org.openqa.selenium.remote.RemoteWebDriver.findElement(RemoteWebDriver.java:315)
	at org.openqa.selenium.support.ui.ExpectedConditions$7.apply(ExpectedConditions.java:205)
	at org.openqa.selenium.support.ui.ExpectedConditions$7.apply(ExpectedConditions.java:201)
	at org.openqa.selenium.support.ui.FluentWait.until(FluentWait.java:249)
	at stepdefinitions.uisteps.US_002_Stepdefs.user_should_see_registration_saved_message(US_002_Stepdefs.java:85)
	at sun.reflect.NativeMethodAccessorImpl.invoke0(Native Method)
	at sun.reflect.NativeMethodAccessorImpl.invoke(NativeMethodAccessorImpl.java:62)
	at sun.reflect.DelegatingMethodAccessorImpl.invoke(DelegatingMethodAccessorImpl.java:43)
	at java.lang.reflect.Method.invoke(Method.java:498)
	at io.cucumber.java.Invoker.doInvoke(Invoker.java:66)
	at io.cucumber.java.Invoker.invoke(Invoker.java:24)
	at io.cucumber.java.AbstractGlueDefinition.invokeMethod(AbstractGlueDefinition.java:47)
	at io.cucumber.java.JavaStepDefinition.execute(JavaStepDefinition.java:29)
	at io.cucumber.core.runner.CoreStepDefinition.execute(CoreStepDefinition.java:66)
	at io.cucumber.core.runner.PickleStepDefinitionMatch.runStep(PickleStepDefinitionMatch.java:63)
	at io.cucumber.core.runner.ExecutionMode$1.execute(ExecutionMode.java:10)
	at io.cucumber.core.runner.TestStep.executeStep(TestStep.java:92)
	at io.cucumber.core.runner.TestStep.run(TestStep.java:64)
	at io.cucumber.core.runner.PickleStepTestStep.run(PickleStepTestStep.java:51)
	at io.cucumber.core.runner.TestCase.run(TestCase.java:104)
	at io.cucumber.core.runner.Runner.runPickle(Runner.java:73)
	at io.cucumber.junit.PickleRunners$NoStepDescriptions.run(PickleRunners.java:151)
	at io.cucumber.junit.FeatureRunner.runChild(FeatureRunner.java:135)
	at io.cucumber.junit.FeatureRunner.runChild(FeatureRunner.java:27)
	at org.junit.runners.ParentRunner$4.run(ParentRunner.java:331)
	at org.junit.runners.ParentRunner$1.schedule(ParentRunner.java:79)
	at org.junit.runners.ParentRunner.runChildren(ParentRunner.java:329)
	at org.junit.runners.ParentRunner.access$100(ParentRunner.java:66)
	at org.junit.runners.ParentRunner$2.evaluate(ParentRunner.java:293)
	at org.junit.runners.ParentRunner$3.evaluate(ParentRunner.java:306)
	at org.junit.runners.ParentRunner.run(ParentRunner.java:413)
	at io.cucumber.junit.Cucumber.runChild(Cucumber.java:200)
	at io.cucumber.junit.Cucumber.runChild(Cucumber.java:90)
	at org.junit.runners.ParentRunner$4.run(ParentRunner.java:331)
	at org.junit.runners.ParentRunner$1.schedule(ParentRunner.java:79)
	at org.junit.runners.ParentRunner.runChildren(ParentRunner.java:329)
	at org.junit.runners.ParentRunner.access$100(ParentRunner.java:66)
	at org.junit.runners.ParentRunner$2.evaluate(ParentRunner.java:293)
	at io.cucumber.junit.Cucumber$RunCucumber.evaluate(Cucumber.java:235)
	at org.junit.runners.ParentRunner$3.evaluate(ParentRunner.java:306)
	at org.junit.runners.ParentRunner.run(ParentRunner.java:413)
	at org.junit.runner.JUnitCore.run(JUnitCore.java:137)
	at com.intellij.junit4.JUnit4IdeaTestRunner.startRunnerWithArgs(JUnit4IdeaTestRunner.java:69)
	at com.intellij.rt.junit.IdeaTestRunner$Repeater$1.execute(IdeaTestRunner.java:38)
	at com.intellij.rt.execution.junit.TestsRepeater.repeat(TestsRepeater.java:11)
	at com.intellij.rt.junit.IdeaTestRunner$Repeater.startRunnerWithArgs(IdeaTestRunner.java:35)
	at com.intellij.rt.junit.JUnitStarter.prepareStreamsAndStart(JUnitStarter.java:235)
	at com.intellij.rt.junit.JUnitStarter.main(JUnitStarter.java:54)
</textarea>
      
      </div>
                  </div>
                  <div class="step skip-bg">
                    <span>And user closes the browser</span>
      <div>Step skipped
      </div>
                  </div>
              </div>
            </div>
            <div class="card-body l1">
              <div class="card-header">
                <div class="card-title outline-child">
                  <div class="node" id="50"><span class="badge log fail-bg mr-2">Fail</span>test username for new applicant</div>
                </div>
              </div>
              <div class="card-body mt-3 ">
                  <div class="step pass-bg">
                    <span>Given user goes to webpage</span>
      <div>
      </div>
                  </div>
                  <div class="step pass-bg">
                    <span>When user navigates to registration page</span>
      <div>
      </div>
                  </div>
                  <div class="step pass-bg">
                    <span>And user verifies Registration is displayed</span>
      <div>
      </div>
                  </div>
                  <div class="step pass-bg">
                    <span>And user provides ssn id as "483-13-5239"</span>
      <div>
      </div>
                  </div>
                  <div class="step pass-bg">
                    <span>And user provides firstname as "Mario"</span>
      <div>
      </div>
                  </div>
                  <div class="step pass-bg">
                    <span>And user provides lastname as "Costa"</span>
      <div>
      </div>
                  </div>
                  <div class="step pass-bg">
                    <span>And user provides username as "1234567890111213"</span>
      <div>
      </div>
                  </div>
                  <div class="step pass-bg">
                    <span>And user provides email as "31211mariocosta2@gmail.com"</span>
      <div>
      </div>
                  </div>
                  <div class="step pass-bg">
                    <span>When user types password as "1234"</span>
      <div>
      </div>
                  </div>
                  <div class="step pass-bg">
                    <span>And user types password confirmation as "1234"</span>
      <div>
      </div>
                  </div>
                  <div class="step pass-bg">
                    <span>And user clicks on Register button</span>
      <div>
      </div>
                  </div>
                  <div class="step fail-bg">
                    <span>Then user should see Registration saved message</span>
      <div>
        <textarea disabled class="code-block">org.openqa.selenium.TimeoutException: Expected condition failed: waiting for visibility of element located by By.xpath: //*[text()='Registration Saved'] (tried for 10 second(s) with 500 milliseconds interval)
	at org.openqa.selenium.support.ui.WebDriverWait.timeoutException(WebDriverWait.java:95)
	at org.openqa.selenium.support.ui.FluentWait.until(FluentWait.java:272)
	at stepdefinitions.uisteps.US_002_Stepdefs.user_should_see_registration_saved_message(US_002_Stepdefs.java:85)
	at ✽.user should see Registration saved message(file:///Users/papatya/IdeaProjects/medunnateam87/./src/test/resources/features/UIFeatures/US02_NewRegistrant_UI.feature:16)
Caused by: org.openqa.selenium.NoSuchElementException: no such element: Unable to locate element: {"method":"xpath","selector":"//*[text()='Registration Saved']"}
  (Session info: chrome=103.0.5060.114)
For documentation on this error, please visit: https://www.seleniumhq.org/exceptions/no_such_element.html
Build info: version: '3.141.59', revision: 'e82be7d358', time: '2018-11-14T08:17:03'
System info: host: 'zeytin.local', ip: '2a02:4e0:2d15:d1:3184:f91b:b464:8096%en0', os.name: 'Mac OS X', os.arch: 'aarch64', os.version: '12.4', java.version: '1.8.0_333'
Driver info: org.openqa.selenium.chrome.ChromeDriver
Capabilities {acceptInsecureCerts: false, browserName: chrome, browserVersion: 103.0.5060.114, chrome: {chromedriverVersion: 103.0.5060.53 (a1711811edd7..., userDataDir: /var/folders/ck/bc46sjz11js...}, goog:chromeOptions: {debuggerAddress: localhost:59641}, javascriptEnabled: true, networkConnectionEnabled: false, pageLoadStrategy: normal, platform: MAC, platformName: MAC, proxy: Proxy(), setWindowRect: true, strictFileInteractability: false, timeouts: {implicit: 0, pageLoad: 300000, script: 30000}, unhandledPromptBehavior: dismiss and notify, webauthn:extension:credBlob: true, webauthn:extension:largeBlob: true, webauthn:virtualAuthenticators: true}
Session ID: 9832a1b3499bbea2e260fd64de600501
*** Element info: {Using=xpath, value=//*[text()='Registration Saved']}
	at sun.reflect.NativeConstructorAccessorImpl.newInstance0(Native Method)
	at sun.reflect.NativeConstructorAccessorImpl.newInstance(NativeConstructorAccessorImpl.java:62)
	at sun.reflect.DelegatingConstructorAccessorImpl.newInstance(DelegatingConstructorAccessorImpl.java:45)
	at java.lang.reflect.Constructor.newInstance(Constructor.java:423)
	at org.openqa.selenium.remote.http.W3CHttpResponseCodec.createException(W3CHttpResponseCodec.java:187)
	at org.openqa.selenium.remote.http.W3CHttpResponseCodec.decode(W3CHttpResponseCodec.java:122)
	at org.openqa.selenium.remote.http.W3CHttpResponseCodec.decode(W3CHttpResponseCodec.java:49)
	at org.openqa.selenium.remote.HttpCommandExecutor.execute(HttpCommandExecutor.java:158)
	at org.openqa.selenium.remote.service.DriverCommandExecutor.execute(DriverCommandExecutor.java:83)
	at org.openqa.selenium.remote.RemoteWebDriver.execute(RemoteWebDriver.java:552)
	at org.openqa.selenium.remote.RemoteWebDriver.findElement(RemoteWebDriver.java:323)
	at org.openqa.selenium.remote.RemoteWebDriver.findElementByXPath(RemoteWebDriver.java:428)
	at org.openqa.selenium.By$ByXPath.findElement(By.java:353)
	at org.openqa.selenium.remote.RemoteWebDriver.findElement(RemoteWebDriver.java:315)
	at org.openqa.selenium.support.ui.ExpectedConditions$7.apply(ExpectedConditions.java:205)
	at org.openqa.selenium.support.ui.ExpectedConditions$7.apply(ExpectedConditions.java:201)
	at org.openqa.selenium.support.ui.FluentWait.until(FluentWait.java:249)
	at stepdefinitions.uisteps.US_002_Stepdefs.user_should_see_registration_saved_message(US_002_Stepdefs.java:85)
	at sun.reflect.NativeMethodAccessorImpl.invoke0(Native Method)
	at sun.reflect.NativeMethodAccessorImpl.invoke(NativeMethodAccessorImpl.java:62)
	at sun.reflect.DelegatingMethodAccessorImpl.invoke(DelegatingMethodAccessorImpl.java:43)
	at java.lang.reflect.Method.invoke(Method.java:498)
	at io.cucumber.java.Invoker.doInvoke(Invoker.java:66)
	at io.cucumber.java.Invoker.invoke(Invoker.java:24)
	at io.cucumber.java.AbstractGlueDefinition.invokeMethod(AbstractGlueDefinition.java:47)
	at io.cucumber.java.JavaStepDefinition.execute(JavaStepDefinition.java:29)
	at io.cucumber.core.runner.CoreStepDefinition.execute(CoreStepDefinition.java:66)
	at io.cucumber.core.runner.PickleStepDefinitionMatch.runStep(PickleStepDefinitionMatch.java:63)
	at io.cucumber.core.runner.ExecutionMode$1.execute(ExecutionMode.java:10)
	at io.cucumber.core.runner.TestStep.executeStep(TestStep.java:92)
	at io.cucumber.core.runner.TestStep.run(TestStep.java:64)
	at io.cucumber.core.runner.PickleStepTestStep.run(PickleStepTestStep.java:51)
	at io.cucumber.core.runner.TestCase.run(TestCase.java:104)
	at io.cucumber.core.runner.Runner.runPickle(Runner.java:73)
	at io.cucumber.junit.PickleRunners$NoStepDescriptions.run(PickleRunners.java:151)
	at io.cucumber.junit.FeatureRunner.runChild(FeatureRunner.java:135)
	at io.cucumber.junit.FeatureRunner.runChild(FeatureRunner.java:27)
	at org.junit.runners.ParentRunner$4.run(ParentRunner.java:331)
	at org.junit.runners.ParentRunner$1.schedule(ParentRunner.java:79)
	at org.junit.runners.ParentRunner.runChildren(ParentRunner.java:329)
	at org.junit.runners.ParentRunner.access$100(ParentRunner.java:66)
	at org.junit.runners.ParentRunner$2.evaluate(ParentRunner.java:293)
	at org.junit.runners.ParentRunner$3.evaluate(ParentRunner.java:306)
	at org.junit.runners.ParentRunner.run(ParentRunner.java:413)
	at io.cucumber.junit.Cucumber.runChild(Cucumber.java:200)
	at io.cucumber.junit.Cucumber.runChild(Cucumber.java:90)
	at org.junit.runners.ParentRunner$4.run(ParentRunner.java:331)
	at org.junit.runners.ParentRunner$1.schedule(ParentRunner.java:79)
	at org.junit.runners.ParentRunner.runChildren(ParentRunner.java:329)
	at org.junit.runners.ParentRunner.access$100(ParentRunner.java:66)
	at org.junit.runners.ParentRunner$2.evaluate(ParentRunner.java:293)
	at io.cucumber.junit.Cucumber$RunCucumber.evaluate(Cucumber.java:235)
	at org.junit.runners.ParentRunner$3.evaluate(ParentRunner.java:306)
	at org.junit.runners.ParentRunner.run(ParentRunner.java:413)
	at org.junit.runner.JUnitCore.run(JUnitCore.java:137)
	at com.intellij.junit4.JUnit4IdeaTestRunner.startRunnerWithArgs(JUnit4IdeaTestRunner.java:69)
	at com.intellij.rt.junit.IdeaTestRunner$Repeater$1.execute(IdeaTestRunner.java:38)
	at com.intellij.rt.execution.junit.TestsRepeater.repeat(TestsRepeater.java:11)
	at com.intellij.rt.junit.IdeaTestRunner$Repeater.startRunnerWithArgs(IdeaTestRunner.java:35)
	at com.intellij.rt.junit.JUnitStarter.prepareStreamsAndStart(JUnitStarter.java:235)
	at com.intellij.rt.junit.JUnitStarter.main(JUnitStarter.java:54)
</textarea>
      
      </div>
                  </div>
                  <div class="step skip-bg">
                    <span>And user closes the browser</span>
      <div>Step skipped
      </div>
                  </div>
              </div>
            </div>
            <div class="card-body l1">
              <div class="card-header">
                <div class="card-title outline-child">
                  <div class="node" id="64"><span class="badge log fail-bg mr-2">Fail</span>test username for new applicant</div>
                </div>
              </div>
              <div class="card-body mt-3 ">
                  <div class="step pass-bg">
                    <span>Given user goes to webpage</span>
      <div>
      </div>
                  </div>
                  <div class="step pass-bg">
                    <span>When user navigates to registration page</span>
      <div>
      </div>
                  </div>
                  <div class="step pass-bg">
                    <span>And user verifies Registration is displayed</span>
      <div>
      </div>
                  </div>
                  <div class="step pass-bg">
                    <span>And user provides ssn id as "584-13-5239"</span>
      <div>
      </div>
                  </div>
                  <div class="step pass-bg">
                    <span>And user provides firstname as "Mario"</span>
      <div>
      </div>
                  </div>
                  <div class="step pass-bg">
                    <span>And user provides lastname as "Costa"</span>
      <div>
      </div>
                  </div>
                  <div class="step fail-bg">
                    <span>And user provides username as "!@#$%^&*()_+-=";':./,\<>{}111213"</span>
      <div>Step undefined
      </div>
                  </div>
                  <div class="step skip-bg">
                    <span>And user provides email as "31211mariocosta3@gmail.com"</span>
      <div>Step skipped
      </div>
                  </div>
                  <div class="step skip-bg">
                    <span>When user types password as "1234"</span>
      <div>Step skipped
      </div>
                  </div>
                  <div class="step skip-bg">
                    <span>And user types password confirmation as "1234"</span>
      <div>Step skipped
      </div>
                  </div>
                  <div class="step skip-bg">
                    <span>And user clicks on Register button</span>
      <div>Step skipped
      </div>
                  </div>
                  <div class="step skip-bg">
                    <span>Then user should see Registration saved message</span>
      <div>Step skipped
      </div>
                  </div>
                  <div class="step skip-bg">
                    <span>And user closes the browser</span>
      <div>Step skipped
      </div>
                  </div>
              </div>
            </div>
            <div class="card-body l1">
              <div class="card-header">
                <div class="card-title outline-child">
                  <div class="node" id="78"><span class="badge log fail-bg mr-2">Fail</span>test username for new applicant</div>
                </div>
              </div>
              <div class="card-body mt-3 ">
                  <div class="step pass-bg">
                    <span>Given user goes to webpage</span>
      <div>
      </div>
                  </div>
                  <div class="step pass-bg">
                    <span>When user navigates to registration page</span>
      <div>
      </div>
                  </div>
                  <div class="step pass-bg">
                    <span>And user verifies Registration is displayed</span>
      <div>
      </div>
                  </div>
                  <div class="step pass-bg">
                    <span>And user provides ssn id as "685-13-5239"</span>
      <div>
      </div>
                  </div>
                  <div class="step pass-bg">
                    <span>And user provides firstname as "Mario"</span>
      <div>
      </div>
                  </div>
                  <div class="step pass-bg">
                    <span>And user provides lastname as "Costa"</span>
      <div>
      </div>
                  </div>
                  <div class="step pass-bg">
                    <span>And user provides username as "ABCDEFGHIJKLMN111213"</span>
      <div>
      </div>
                  </div>
                  <div class="step pass-bg">
                    <span>And user provides email as "31211mariocosta4@gmail.com"</span>
      <div>
      </div>
                  </div>
                  <div class="step pass-bg">
                    <span>When user types password as "1234"</span>
      <div>
      </div>
                  </div>
                  <div class="step pass-bg">
                    <span>And user types password confirmation as "1234"</span>
      <div>
      </div>
                  </div>
                  <div class="step pass-bg">
                    <span>And user clicks on Register button</span>
      <div>
      </div>
                  </div>
                  <div class="step fail-bg">
                    <span>Then user should see Registration saved message</span>
      <div>
        <textarea disabled class="code-block">org.openqa.selenium.TimeoutException: Expected condition failed: waiting for visibility of element located by By.xpath: //*[text()='Registration Saved'] (tried for 10 second(s) with 500 milliseconds interval)
	at org.openqa.selenium.support.ui.WebDriverWait.timeoutException(WebDriverWait.java:95)
	at org.openqa.selenium.support.ui.FluentWait.until(FluentWait.java:272)
	at stepdefinitions.uisteps.US_002_Stepdefs.user_should_see_registration_saved_message(US_002_Stepdefs.java:85)
	at ✽.user should see Registration saved message(file:///Users/papatya/IdeaProjects/medunnateam87/./src/test/resources/features/UIFeatures/US02_NewRegistrant_UI.feature:16)
Caused by: org.openqa.selenium.NoSuchElementException: no such element: Unable to locate element: {"method":"xpath","selector":"//*[text()='Registration Saved']"}
  (Session info: chrome=103.0.5060.114)
For documentation on this error, please visit: https://www.seleniumhq.org/exceptions/no_such_element.html
Build info: version: '3.141.59', revision: 'e82be7d358', time: '2018-11-14T08:17:03'
System info: host: 'zeytin.local', ip: '2a02:4e0:2d15:d1:3184:f91b:b464:8096%en0', os.name: 'Mac OS X', os.arch: 'aarch64', os.version: '12.4', java.version: '1.8.0_333'
Driver info: org.openqa.selenium.chrome.ChromeDriver
Capabilities {acceptInsecureCerts: false, browserName: chrome, browserVersion: 103.0.5060.114, chrome: {chromedriverVersion: 103.0.5060.53 (a1711811edd7..., userDataDir: /var/folders/ck/bc46sjz11js...}, goog:chromeOptions: {debuggerAddress: localhost:59641}, javascriptEnabled: true, networkConnectionEnabled: false, pageLoadStrategy: normal, platform: MAC, platformName: MAC, proxy: Proxy(), setWindowRect: true, strictFileInteractability: false, timeouts: {implicit: 0, pageLoad: 300000, script: 30000}, unhandledPromptBehavior: dismiss and notify, webauthn:extension:credBlob: true, webauthn:extension:largeBlob: true, webauthn:virtualAuthenticators: true}
Session ID: 9832a1b3499bbea2e260fd64de600501
*** Element info: {Using=xpath, value=//*[text()='Registration Saved']}
	at sun.reflect.NativeConstructorAccessorImpl.newInstance0(Native Method)
	at sun.reflect.NativeConstructorAccessorImpl.newInstance(NativeConstructorAccessorImpl.java:62)
	at sun.reflect.DelegatingConstructorAccessorImpl.newInstance(DelegatingConstructorAccessorImpl.java:45)
	at java.lang.reflect.Constructor.newInstance(Constructor.java:423)
	at org.openqa.selenium.remote.http.W3CHttpResponseCodec.createException(W3CHttpResponseCodec.java:187)
	at org.openqa.selenium.remote.http.W3CHttpResponseCodec.decode(W3CHttpResponseCodec.java:122)
	at org.openqa.selenium.remote.http.W3CHttpResponseCodec.decode(W3CHttpResponseCodec.java:49)
	at org.openqa.selenium.remote.HttpCommandExecutor.execute(HttpCommandExecutor.java:158)
	at org.openqa.selenium.remote.service.DriverCommandExecutor.execute(DriverCommandExecutor.java:83)
	at org.openqa.selenium.remote.RemoteWebDriver.execute(RemoteWebDriver.java:552)
	at org.openqa.selenium.remote.RemoteWebDriver.findElement(RemoteWebDriver.java:323)
	at org.openqa.selenium.remote.RemoteWebDriver.findElementByXPath(RemoteWebDriver.java:428)
	at org.openqa.selenium.By$ByXPath.findElement(By.java:353)
	at org.openqa.selenium.remote.RemoteWebDriver.findElement(RemoteWebDriver.java:315)
	at org.openqa.selenium.support.ui.ExpectedConditions$7.apply(ExpectedConditions.java:205)
	at org.openqa.selenium.support.ui.ExpectedConditions$7.apply(ExpectedConditions.java:201)
	at org.openqa.selenium.support.ui.FluentWait.until(FluentWait.java:249)
	at stepdefinitions.uisteps.US_002_Stepdefs.user_should_see_registration_saved_message(US_002_Stepdefs.java:85)
	at sun.reflect.NativeMethodAccessorImpl.invoke0(Native Method)
	at sun.reflect.NativeMethodAccessorImpl.invoke(NativeMethodAccessorImpl.java:62)
	at sun.reflect.DelegatingMethodAccessorImpl.invoke(DelegatingMethodAccessorImpl.java:43)
	at java.lang.reflect.Method.invoke(Method.java:498)
	at io.cucumber.java.Invoker.doInvoke(Invoker.java:66)
	at io.cucumber.java.Invoker.invoke(Invoker.java:24)
	at io.cucumber.java.AbstractGlueDefinition.invokeMethod(AbstractGlueDefinition.java:47)
	at io.cucumber.java.JavaStepDefinition.execute(JavaStepDefinition.java:29)
	at io.cucumber.core.runner.CoreStepDefinition.execute(CoreStepDefinition.java:66)
	at io.cucumber.core.runner.PickleStepDefinitionMatch.runStep(PickleStepDefinitionMatch.java:63)
	at io.cucumber.core.runner.ExecutionMode$1.execute(ExecutionMode.java:10)
	at io.cucumber.core.runner.TestStep.executeStep(TestStep.java:92)
	at io.cucumber.core.runner.TestStep.run(TestStep.java:64)
	at io.cucumber.core.runner.PickleStepTestStep.run(PickleStepTestStep.java:51)
	at io.cucumber.core.runner.TestCase.run(TestCase.java:104)
	at io.cucumber.core.runner.Runner.runPickle(Runner.java:73)
	at io.cucumber.junit.PickleRunners$NoStepDescriptions.run(PickleRunners.java:151)
	at io.cucumber.junit.FeatureRunner.runChild(FeatureRunner.java:135)
	at io.cucumber.junit.FeatureRunner.runChild(FeatureRunner.java:27)
	at org.junit.runners.ParentRunner$4.run(ParentRunner.java:331)
	at org.junit.runners.ParentRunner$1.schedule(ParentRunner.java:79)
	at org.junit.runners.ParentRunner.runChildren(ParentRunner.java:329)
	at org.junit.runners.ParentRunner.access$100(ParentRunner.java:66)
	at org.junit.runners.ParentRunner$2.evaluate(ParentRunner.java:293)
	at org.junit.runners.ParentRunner$3.evaluate(ParentRunner.java:306)
	at org.junit.runners.ParentRunner.run(ParentRunner.java:413)
	at io.cucumber.junit.Cucumber.runChild(Cucumber.java:200)
	at io.cucumber.junit.Cucumber.runChild(Cucumber.java:90)
	at org.junit.runners.ParentRunner$4.run(ParentRunner.java:331)
	at org.junit.runners.ParentRunner$1.schedule(ParentRunner.java:79)
	at org.junit.runners.ParentRunner.runChildren(ParentRunner.java:329)
	at org.junit.runners.ParentRunner.access$100(ParentRunner.java:66)
	at org.junit.runners.ParentRunner$2.evaluate(ParentRunner.java:293)
	at io.cucumber.junit.Cucumber$RunCucumber.evaluate(Cucumber.java:235)
	at org.junit.runners.ParentRunner$3.evaluate(ParentRunner.java:306)
	at org.junit.runners.ParentRunner.run(ParentRunner.java:413)
	at org.junit.runner.JUnitCore.run(JUnitCore.java:137)
	at com.intellij.junit4.JUnit4IdeaTestRunner.startRunnerWithArgs(JUnit4IdeaTestRunner.java:69)
	at com.intellij.rt.junit.IdeaTestRunner$Repeater$1.execute(IdeaTestRunner.java:38)
	at com.intellij.rt.execution.junit.TestsRepeater.repeat(TestsRepeater.java:11)
	at com.intellij.rt.junit.IdeaTestRunner$Repeater.startRunnerWithArgs(IdeaTestRunner.java:35)
	at com.intellij.rt.junit.JUnitStarter.prepareStreamsAndStart(JUnitStarter.java:235)
	at com.intellij.rt.junit.JUnitStarter.main(JUnitStarter.java:54)
</textarea>
      
      </div>
                  </div>
                  <div class="step skip-bg">
                    <span>And user closes the browser</span>
      <div>Step skipped
      </div>
                  </div>
              </div>
            </div>
            <div class="card-body l1">
              <div class="card-header">
                <div class="card-title outline-child">
                  <div class="node" id="92"><span class="badge log fail-bg mr-2">Fail</span>test username for new applicant</div>
                </div>
              </div>
              <div class="card-body mt-3 ">
                  <div class="step pass-bg">
                    <span>Given user goes to webpage</span>
      <div>
      </div>
                  </div>
                  <div class="step pass-bg">
                    <span>When user navigates to registration page</span>
      <div>
      </div>
                  </div>
                  <div class="step pass-bg">
                    <span>And user verifies Registration is displayed</span>
      <div>
      </div>
                  </div>
                  <div class="step pass-bg">
                    <span>And user provides ssn id as "786-12-5239"</span>
      <div>
      </div>
                  </div>
                  <div class="step pass-bg">
                    <span>And user provides firstname as "Mario"</span>
      <div>
      </div>
                  </div>
                  <div class="step pass-bg">
                    <span>And user provides lastname as "Costa"</span>
      <div>
      </div>
                  </div>
                  <div class="step pass-bg">
                    <span>And user provides username as "OPQRSTUVWXYZ111213"</span>
      <div>
      </div>
                  </div>
                  <div class="step pass-bg">
                    <span>And user provides email as "31211mariocosta5@gmail.com"</span>
      <div>
      </div>
                  </div>
                  <div class="step pass-bg">
                    <span>When user types password as "1234"</span>
      <div>
      </div>
                  </div>
                  <div class="step pass-bg">
                    <span>And user types password confirmation as "1234"</span>
      <div>
      </div>
                  </div>
                  <div class="step pass-bg">
                    <span>And user clicks on Register button</span>
      <div>
      </div>
                  </div>
                  <div class="step fail-bg">
                    <span>Then user should see Registration saved message</span>
      <div>
        <textarea disabled class="code-block">org.openqa.selenium.TimeoutException: Expected condition failed: waiting for visibility of element located by By.xpath: //*[text()='Registration Saved'] (tried for 10 second(s) with 500 milliseconds interval)
	at org.openqa.selenium.support.ui.WebDriverWait.timeoutException(WebDriverWait.java:95)
	at org.openqa.selenium.support.ui.FluentWait.until(FluentWait.java:272)
	at stepdefinitions.uisteps.US_002_Stepdefs.user_should_see_registration_saved_message(US_002_Stepdefs.java:85)
	at ✽.user should see Registration saved message(file:///Users/papatya/IdeaProjects/medunnateam87/./src/test/resources/features/UIFeatures/US02_NewRegistrant_UI.feature:16)
Caused by: org.openqa.selenium.NoSuchElementException: no such element: Unable to locate element: {"method":"xpath","selector":"//*[text()='Registration Saved']"}
  (Session info: chrome=103.0.5060.114)
For documentation on this error, please visit: https://www.seleniumhq.org/exceptions/no_such_element.html
Build info: version: '3.141.59', revision: 'e82be7d358', time: '2018-11-14T08:17:03'
System info: host: 'zeytin.local', ip: '2a02:4e0:2d15:d1:3184:f91b:b464:8096%en0', os.name: 'Mac OS X', os.arch: 'aarch64', os.version: '12.4', java.version: '1.8.0_333'
Driver info: org.openqa.selenium.chrome.ChromeDriver
Capabilities {acceptInsecureCerts: false, browserName: chrome, browserVersion: 103.0.5060.114, chrome: {chromedriverVersion: 103.0.5060.53 (a1711811edd7..., userDataDir: /var/folders/ck/bc46sjz11js...}, goog:chromeOptions: {debuggerAddress: localhost:59641}, javascriptEnabled: true, networkConnectionEnabled: false, pageLoadStrategy: normal, platform: MAC, platformName: MAC, proxy: Proxy(), setWindowRect: true, strictFileInteractability: false, timeouts: {implicit: 0, pageLoad: 300000, script: 30000}, unhandledPromptBehavior: dismiss and notify, webauthn:extension:credBlob: true, webauthn:extension:largeBlob: true, webauthn:virtualAuthenticators: true}
Session ID: 9832a1b3499bbea2e260fd64de600501
*** Element info: {Using=xpath, value=//*[text()='Registration Saved']}
	at sun.reflect.NativeConstructorAccessorImpl.newInstance0(Native Method)
	at sun.reflect.NativeConstructorAccessorImpl.newInstance(NativeConstructorAccessorImpl.java:62)
	at sun.reflect.DelegatingConstructorAccessorImpl.newInstance(DelegatingConstructorAccessorImpl.java:45)
	at java.lang.reflect.Constructor.newInstance(Constructor.java:423)
	at org.openqa.selenium.remote.http.W3CHttpResponseCodec.createException(W3CHttpResponseCodec.java:187)
	at org.openqa.selenium.remote.http.W3CHttpResponseCodec.decode(W3CHttpResponseCodec.java:122)
	at org.openqa.selenium.remote.http.W3CHttpResponseCodec.decode(W3CHttpResponseCodec.java:49)
	at org.openqa.selenium.remote.HttpCommandExecutor.execute(HttpCommandExecutor.java:158)
	at org.openqa.selenium.remote.service.DriverCommandExecutor.execute(DriverCommandExecutor.java:83)
	at org.openqa.selenium.remote.RemoteWebDriver.execute(RemoteWebDriver.java:552)
	at org.openqa.selenium.remote.RemoteWebDriver.findElement(RemoteWebDriver.java:323)
	at org.openqa.selenium.remote.RemoteWebDriver.findElementByXPath(RemoteWebDriver.java:428)
	at org.openqa.selenium.By$ByXPath.findElement(By.java:353)
	at org.openqa.selenium.remote.RemoteWebDriver.findElement(RemoteWebDriver.java:315)
	at org.openqa.selenium.support.ui.ExpectedConditions$7.apply(ExpectedConditions.java:205)
	at org.openqa.selenium.support.ui.ExpectedConditions$7.apply(ExpectedConditions.java:201)
	at org.openqa.selenium.support.ui.FluentWait.until(FluentWait.java:249)
	at stepdefinitions.uisteps.US_002_Stepdefs.user_should_see_registration_saved_message(US_002_Stepdefs.java:85)
	at sun.reflect.NativeMethodAccessorImpl.invoke0(Native Method)
	at sun.reflect.NativeMethodAccessorImpl.invoke(NativeMethodAccessorImpl.java:62)
	at sun.reflect.DelegatingMethodAccessorImpl.invoke(DelegatingMethodAccessorImpl.java:43)
	at java.lang.reflect.Method.invoke(Method.java:498)
	at io.cucumber.java.Invoker.doInvoke(Invoker.java:66)
	at io.cucumber.java.Invoker.invoke(Invoker.java:24)
	at io.cucumber.java.AbstractGlueDefinition.invokeMethod(AbstractGlueDefinition.java:47)
	at io.cucumber.java.JavaStepDefinition.execute(JavaStepDefinition.java:29)
	at io.cucumber.core.runner.CoreStepDefinition.execute(CoreStepDefinition.java:66)
	at io.cucumber.core.runner.PickleStepDefinitionMatch.runStep(PickleStepDefinitionMatch.java:63)
	at io.cucumber.core.runner.ExecutionMode$1.execute(ExecutionMode.java:10)
	at io.cucumber.core.runner.TestStep.executeStep(TestStep.java:92)
	at io.cucumber.core.runner.TestStep.run(TestStep.java:64)
	at io.cucumber.core.runner.PickleStepTestStep.run(PickleStepTestStep.java:51)
	at io.cucumber.core.runner.TestCase.run(TestCase.java:104)
	at io.cucumber.core.runner.Runner.runPickle(Runner.java:73)
	at io.cucumber.junit.PickleRunners$NoStepDescriptions.run(PickleRunners.java:151)
	at io.cucumber.junit.FeatureRunner.runChild(FeatureRunner.java:135)
	at io.cucumber.junit.FeatureRunner.runChild(FeatureRunner.java:27)
	at org.junit.runners.ParentRunner$4.run(ParentRunner.java:331)
	at org.junit.runners.ParentRunner$1.schedule(ParentRunner.java:79)
	at org.junit.runners.ParentRunner.runChildren(ParentRunner.java:329)
	at org.junit.runners.ParentRunner.access$100(ParentRunner.java:66)
	at org.junit.runners.ParentRunner$2.evaluate(ParentRunner.java:293)
	at org.junit.runners.ParentRunner$3.evaluate(ParentRunner.java:306)
	at org.junit.runners.ParentRunner.run(ParentRunner.java:413)
	at io.cucumber.junit.Cucumber.runChild(Cucumber.java:200)
	at io.cucumber.junit.Cucumber.runChild(Cucumber.java:90)
	at org.junit.runners.ParentRunner$4.run(ParentRunner.java:331)
	at org.junit.runners.ParentRunner$1.schedule(ParentRunner.java:79)
	at org.junit.runners.ParentRunner.runChildren(ParentRunner.java:329)
	at org.junit.runners.ParentRunner.access$100(ParentRunner.java:66)
	at org.junit.runners.ParentRunner$2.evaluate(ParentRunner.java:293)
	at io.cucumber.junit.Cucumber$RunCucumber.evaluate(Cucumber.java:235)
	at org.junit.runners.ParentRunner$3.evaluate(ParentRunner.java:306)
	at org.junit.runners.ParentRunner.run(ParentRunner.java:413)
	at org.junit.runner.JUnitCore.run(JUnitCore.java:137)
	at com.intellij.junit4.JUnit4IdeaTestRunner.startRunnerWithArgs(JUnit4IdeaTestRunner.java:69)
	at com.intellij.rt.junit.IdeaTestRunner$Repeater$1.execute(IdeaTestRunner.java:38)
	at com.intellij.rt.execution.junit.TestsRepeater.repeat(TestsRepeater.java:11)
	at com.intellij.rt.junit.IdeaTestRunner$Repeater.startRunnerWithArgs(IdeaTestRunner.java:35)
	at com.intellij.rt.junit.JUnitStarter.prepareStreamsAndStart(JUnitStarter.java:235)
	at com.intellij.rt.junit.JUnitStarter.main(JUnitStarter.java:54)
</textarea>
      
      </div>
                  </div>
                  <div class="step skip-bg">
                    <span>And user closes the browser</span>
      <div>Step skipped
      </div>
                  </div>
              </div>
            </div>
        </div>
  </div>
  <div class="card">
    <div class="card-header" role="tab">
      <div class="card-title">
        <div class="node" id="106"><span class="badge log pass-bg mr-2">Pass</span>test username for new applicant</div>
      </div>
    </div>
        <div class="collapse">
          <div class="card-body">
              <div class="step pass-bg" title="stepdefinitions.uisteps.US_002_Stepdefs.user_goes_to_webpage()">
                <span>Given user goes to webpage</span>
      <div>
      </div>
              </div>
              <div class="step pass-bg" title="stepdefinitions.uisteps.US_002_Stepdefs.user_navigates_to_registration_page()">
                <span>When user navigates to registration page</span>
      <div>
      </div>
              </div>
              <div class="step pass-bg" title="stepdefinitions.uisteps.US_002_Stepdefs.user_verifies_registration_is_displayed()">
                <span>And user verifies Registration is displayed</span>
      <div>
      </div>
              </div>
              <div class="step pass-bg" title="stepdefinitions.uisteps.US_002_Stepdefs.user_provides_username_as(java.lang.String)">
                <span>And user provides username as ""</span>
      <div>
      </div>
              </div>
              <div class="step pass-bg" title="stepdefinitions.uisteps.US_002_Stepdefs.userShouldSeeMessage(java.lang.String)">
                <span>Then user should see "Your username is required." message</span>
      <div>
      </div>
              </div>
              <div class="step pass-bg" title="stepdefinitions.uisteps.US_002_Stepdefs.user_closes_the_browser()">
                <span>And user closes the browser</span>
      <div>
      </div>
              </div>
          </div>
        </div>
  </div>
  <div class="card">
    <div class="card-header" role="tab">
      <div class="card-title">
        <div class="node" id="113"><span class="badge log fail-bg mr-2">Fail</span>test email for new applicant</div>
      </div>
    </div>
        <div class="scenario_outline ">
            <div class="card-body l1">
              <div class="card-header">
                <div class="card-title outline-child">
                  <div class="node" id="114"><span class="badge log fail-bg mr-2">Fail</span>test email for new applicant</div>
                </div>
              </div>
              <div class="card-body mt-3 ">
                  <div class="step pass-bg">
                    <span>Given user goes to webpage</span>
      <div>
      </div>
                  </div>
                  <div class="step pass-bg">
                    <span>When user navigates to registration page</span>
      <div>
      </div>
                  </div>
                  <div class="step pass-bg">
                    <span>And user verifies Registration is displayed</span>
      <div>
      </div>
                  </div>
                  <div class="step pass-bg">
                    <span>And user provides ssn id as "358-74-4225"</span>
      <div>
      </div>
                  </div>
                  <div class="step pass-bg">
                    <span>And user provides firstname as "Stefan"</span>
      <div>
      </div>
                  </div>
                  <div class="step pass-bg">
                    <span>And user provides lastname as "Soluchkov"</span>
      <div>
      </div>
                  </div>
                  <div class="step pass-bg">
                    <span>And user provides username as "kurrupt818217"</span>
      <div>
      </div>
                  </div>
                  <div class="step pass-bg">
                    <span>And user provides email as "soluchkow1221217@gmail.com"</span>
      <div>
      </div>
                  </div>
                  <div class="step pass-bg">
                    <span>When user types password as "369369"</span>
      <div>
      </div>
                  </div>
                  <div class="step pass-bg">
                    <span>And user types password confirmation as "369369"</span>
      <div>
      </div>
                  </div>
                  <div class="step pass-bg">
                    <span>And user clicks on Register button</span>
      <div>
      </div>
                  </div>
                  <div class="step fail-bg">
                    <span>Then user should see Registration saved message</span>
      <div>
        <textarea disabled class="code-block">org.openqa.selenium.TimeoutException: Expected condition failed: waiting for visibility of element located by By.xpath: //*[text()='Registration Saved'] (tried for 10 second(s) with 500 milliseconds interval)
	at org.openqa.selenium.support.ui.WebDriverWait.timeoutException(WebDriverWait.java:95)
	at org.openqa.selenium.support.ui.FluentWait.until(FluentWait.java:272)
	at stepdefinitions.uisteps.US_002_Stepdefs.user_should_see_registration_saved_message(US_002_Stepdefs.java:85)
	at ✽.user should see Registration saved message(file:///Users/papatya/IdeaProjects/medunnateam87/./src/test/resources/features/UIFeatures/US02_NewRegistrant_UI.feature:55)
Caused by: org.openqa.selenium.NoSuchElementException: no such element: Unable to locate element: {"method":"xpath","selector":"//*[text()='Registration Saved']"}
  (Session info: chrome=103.0.5060.114)
For documentation on this error, please visit: https://www.seleniumhq.org/exceptions/no_such_element.html
Build info: version: '3.141.59', revision: 'e82be7d358', time: '2018-11-14T08:17:03'
System info: host: 'zeytin.local', ip: '2a02:4e0:2d15:d1:3184:f91b:b464:8096%en0', os.name: 'Mac OS X', os.arch: 'aarch64', os.version: '12.4', java.version: '1.8.0_333'
Driver info: org.openqa.selenium.chrome.ChromeDriver
Capabilities {acceptInsecureCerts: false, browserName: chrome, browserVersion: 103.0.5060.114, chrome: {chromedriverVersion: 103.0.5060.53 (a1711811edd7..., userDataDir: /var/folders/ck/bc46sjz11js...}, goog:chromeOptions: {debuggerAddress: localhost:60780}, javascriptEnabled: true, networkConnectionEnabled: false, pageLoadStrategy: normal, platform: MAC, platformName: MAC, proxy: Proxy(), setWindowRect: true, strictFileInteractability: false, timeouts: {implicit: 0, pageLoad: 300000, script: 30000}, unhandledPromptBehavior: dismiss and notify, webauthn:extension:credBlob: true, webauthn:extension:largeBlob: true, webauthn:virtualAuthenticators: true}
Session ID: 91ed5c3af93f6658512fc9090d94f891
*** Element info: {Using=xpath, value=//*[text()='Registration Saved']}
	at sun.reflect.NativeConstructorAccessorImpl.newInstance0(Native Method)
	at sun.reflect.NativeConstructorAccessorImpl.newInstance(NativeConstructorAccessorImpl.java:62)
	at sun.reflect.DelegatingConstructorAccessorImpl.newInstance(DelegatingConstructorAccessorImpl.java:45)
	at java.lang.reflect.Constructor.newInstance(Constructor.java:423)
	at org.openqa.selenium.remote.http.W3CHttpResponseCodec.createException(W3CHttpResponseCodec.java:187)
	at org.openqa.selenium.remote.http.W3CHttpResponseCodec.decode(W3CHttpResponseCodec.java:122)
	at org.openqa.selenium.remote.http.W3CHttpResponseCodec.decode(W3CHttpResponseCodec.java:49)
	at org.openqa.selenium.remote.HttpCommandExecutor.execute(HttpCommandExecutor.java:158)
	at org.openqa.selenium.remote.service.DriverCommandExecutor.execute(DriverCommandExecutor.java:83)
	at org.openqa.selenium.remote.RemoteWebDriver.execute(RemoteWebDriver.java:552)
	at org.openqa.selenium.remote.RemoteWebDriver.findElement(RemoteWebDriver.java:323)
	at org.openqa.selenium.remote.RemoteWebDriver.findElementByXPath(RemoteWebDriver.java:428)
	at org.openqa.selenium.By$ByXPath.findElement(By.java:353)
	at org.openqa.selenium.remote.RemoteWebDriver.findElement(RemoteWebDriver.java:315)
	at org.openqa.selenium.support.ui.ExpectedConditions$7.apply(ExpectedConditions.java:205)
	at org.openqa.selenium.support.ui.ExpectedConditions$7.apply(ExpectedConditions.java:201)
	at org.openqa.selenium.support.ui.FluentWait.until(FluentWait.java:249)
	at stepdefinitions.uisteps.US_002_Stepdefs.user_should_see_registration_saved_message(US_002_Stepdefs.java:85)
	at sun.reflect.NativeMethodAccessorImpl.invoke0(Native Method)
	at sun.reflect.NativeMethodAccessorImpl.invoke(NativeMethodAccessorImpl.java:62)
	at sun.reflect.DelegatingMethodAccessorImpl.invoke(DelegatingMethodAccessorImpl.java:43)
	at java.lang.reflect.Method.invoke(Method.java:498)
	at io.cucumber.java.Invoker.doInvoke(Invoker.java:66)
	at io.cucumber.java.Invoker.invoke(Invoker.java:24)
	at io.cucumber.java.AbstractGlueDefinition.invokeMethod(AbstractGlueDefinition.java:47)
	at io.cucumber.java.JavaStepDefinition.execute(JavaStepDefinition.java:29)
	at io.cucumber.core.runner.CoreStepDefinition.execute(CoreStepDefinition.java:66)
	at io.cucumber.core.runner.PickleStepDefinitionMatch.runStep(PickleStepDefinitionMatch.java:63)
	at io.cucumber.core.runner.ExecutionMode$1.execute(ExecutionMode.java:10)
	at io.cucumber.core.runner.TestStep.executeStep(TestStep.java:92)
	at io.cucumber.core.runner.TestStep.run(TestStep.java:64)
	at io.cucumber.core.runner.PickleStepTestStep.run(PickleStepTestStep.java:51)
	at io.cucumber.core.runner.TestCase.run(TestCase.java:104)
	at io.cucumber.core.runner.Runner.runPickle(Runner.java:73)
	at io.cucumber.junit.PickleRunners$NoStepDescriptions.run(PickleRunners.java:151)
	at io.cucumber.junit.FeatureRunner.runChild(FeatureRunner.java:135)
	at io.cucumber.junit.FeatureRunner.runChild(FeatureRunner.java:27)
	at org.junit.runners.ParentRunner$4.run(ParentRunner.java:331)
	at org.junit.runners.ParentRunner$1.schedule(ParentRunner.java:79)
	at org.junit.runners.ParentRunner.runChildren(ParentRunner.java:329)
	at org.junit.runners.ParentRunner.access$100(ParentRunner.java:66)
	at org.junit.runners.ParentRunner$2.evaluate(ParentRunner.java:293)
	at org.junit.runners.ParentRunner$3.evaluate(ParentRunner.java:306)
	at org.junit.runners.ParentRunner.run(ParentRunner.java:413)
	at io.cucumber.junit.Cucumber.runChild(Cucumber.java:200)
	at io.cucumber.junit.Cucumber.runChild(Cucumber.java:90)
	at org.junit.runners.ParentRunner$4.run(ParentRunner.java:331)
	at org.junit.runners.ParentRunner$1.schedule(ParentRunner.java:79)
	at org.junit.runners.ParentRunner.runChildren(ParentRunner.java:329)
	at org.junit.runners.ParentRunner.access$100(ParentRunner.java:66)
	at org.junit.runners.ParentRunner$2.evaluate(ParentRunner.java:293)
	at io.cucumber.junit.Cucumber$RunCucumber.evaluate(Cucumber.java:235)
	at org.junit.runners.ParentRunner$3.evaluate(ParentRunner.java:306)
	at org.junit.runners.ParentRunner.run(ParentRunner.java:413)
	at org.junit.runner.JUnitCore.run(JUnitCore.java:137)
	at com.intellij.junit4.JUnit4IdeaTestRunner.startRunnerWithArgs(JUnit4IdeaTestRunner.java:69)
	at com.intellij.rt.junit.IdeaTestRunner$Repeater$1.execute(IdeaTestRunner.java:38)
	at com.intellij.rt.execution.junit.TestsRepeater.repeat(TestsRepeater.java:11)
	at com.intellij.rt.junit.IdeaTestRunner$Repeater.startRunnerWithArgs(IdeaTestRunner.java:35)
	at com.intellij.rt.junit.JUnitStarter.prepareStreamsAndStart(JUnitStarter.java:235)
	at com.intellij.rt.junit.JUnitStarter.main(JUnitStarter.java:54)
</textarea>
      
      </div>
                  </div>
                  <div class="step skip-bg">
                    <span>And user closes the browser</span>
      <div>Step skipped
      </div>
                  </div>
              </div>
            </div>
        </div>
  </div>
  <div class="card">
    <div class="card-header" role="tab">
      <div class="card-title">
        <div class="node" id="128"><span class="badge log pass-bg mr-2">Pass</span>test email for new applicant</div>
      </div>
    </div>
        <div class="collapse">
          <div class="card-body">
              <div class="step pass-bg" title="stepdefinitions.uisteps.US_002_Stepdefs.user_goes_to_webpage()">
                <span>Given user goes to webpage</span>
      <div>
      </div>
              </div>
              <div class="step pass-bg" title="stepdefinitions.uisteps.US_002_Stepdefs.user_navigates_to_registration_page()">
                <span>When user navigates to registration page</span>
      <div>
      </div>
              </div>
              <div class="step pass-bg" title="stepdefinitions.uisteps.US_002_Stepdefs.user_verifies_registration_is_displayed()">
                <span>And user verifies Registration is displayed</span>
      <div>
      </div>
              </div>
              <div class="step pass-bg" title="stepdefinitions.uisteps.US_002_Stepdefs.userProvidesTheInvalidEmailAs(java.lang.String)">
                <span>And user provides the invalid email as ""</span>
      <div>
      </div>
              </div>
              <div class="step pass-bg" title="stepdefinitions.uisteps.US_002_Stepdefs.userShouldSeeMessage(java.lang.String)">
                <span>Then user should see "Your email is required." message</span>
      <div>
      </div>
              </div>
              <div class="step pass-bg" title="stepdefinitions.uisteps.US_002_Stepdefs.user_closes_the_browser()">
                <span>And user closes the browser</span>
      <div>
      </div>
              </div>
          </div>
        </div>
  </div>
  <div class="card">
    <div class="card-header" role="tab">
      <div class="card-title">
        <div class="node" id="135"><span class="badge log pass-bg mr-2">Pass</span>test email for new applicant</div>
      </div>
    </div>
        <div class="collapse">
          <div class="card-body">
              <div class="step pass-bg" title="stepdefinitions.uisteps.US_002_Stepdefs.user_goes_to_webpage()">
                <span>Given user goes to webpage</span>
      <div>
      </div>
              </div>
              <div class="step pass-bg" title="stepdefinitions.uisteps.US_002_Stepdefs.user_navigates_to_registration_page()">
                <span>When user navigates to registration page</span>
      <div>
      </div>
              </div>
              <div class="step pass-bg" title="stepdefinitions.uisteps.US_002_Stepdefs.user_verifies_registration_is_displayed()">
                <span>And user verifies Registration is displayed</span>
      <div>
      </div>
              </div>
              <div class="step pass-bg" title="stepdefinitions.uisteps.US_002_Stepdefs.userProvidesTheInvalidEmailAs(java.lang.String)">
                <span>And user provides the invalid email as "user"</span>
      <div>
      </div>
              </div>
              <div class="step pass-bg" title="stepdefinitions.uisteps.US_002_Stepdefs.userShouldSeeMessage(java.lang.String)">
                <span>Then user should see "Your email is required to be at least 5 characters." message</span>
      <div>
      </div>
              </div>
              <div class="step pass-bg" title="stepdefinitions.uisteps.US_002_Stepdefs.user_closes_the_browser()">
                <span>And user closes the browser</span>
      <div>
      </div>
              </div>
          </div>
        </div>
  </div>
  <div class="card">
    <div class="card-header" role="tab">
      <div class="card-title">
        <div class="node" id="142"><span class="badge log pass-bg mr-2">Pass</span>test email for new applicant2</div>
      </div>
    </div>
        <div class="collapse">
          <div class="card-body">
              <div class="step pass-bg" title="stepdefinitions.uisteps.US_002_Stepdefs.user_goes_to_webpage()">
                <span>Given user goes to webpage</span>
      <div>
      </div>
              </div>
              <div class="step pass-bg" title="stepdefinitions.uisteps.US_002_Stepdefs.user_navigates_to_registration_page()">
                <span>When user navigates to registration page</span>
      <div>
      </div>
              </div>
              <div class="step pass-bg" title="stepdefinitions.uisteps.US_002_Stepdefs.user_verifies_registration_is_displayed()">
                <span>And user verifies Registration is displayed</span>
      <div>
      </div>
              </div>
              <div class="step pass-bg" title="stepdefinitions.uisteps.US_002_Stepdefs.userProvidesTheInvalidEmailAs(java.lang.String)">
                <span>And user provides the invalid email as "user1905@gmailcom"</span>
      <div>
      </div>
              </div>
              <div class="step pass-bg" title="stepdefinitions.uisteps.US_002_Stepdefs.userShouldSeeMessage(java.lang.String)">
                <span>Then user should see "This field is invalid" message</span>
      <div>
      </div>
              </div>
              <div class="step pass-bg" title="stepdefinitions.uisteps.US_002_Stepdefs.user_closes_the_browser()">
                <span>And user closes the browser</span>
      <div>
      </div>
              </div>
          </div>
        </div>
  </div>
  <div class="card">
    <div class="card-header" role="tab">
      <div class="card-title">
        <div class="node" id="149"><span class="badge log pass-bg mr-2">Pass</span>test email for new applicant3</div>
      </div>
    </div>
        <div class="collapse">
          <div class="card-body">
              <div class="step pass-bg" title="stepdefinitions.uisteps.US_002_Stepdefs.user_goes_to_webpage()">
                <span>Given user goes to webpage</span>
      <div>
      </div>
              </div>
              <div class="step pass-bg" title="stepdefinitions.uisteps.US_002_Stepdefs.user_navigates_to_registration_page()">
                <span>When user navigates to registration page</span>
      <div>
      </div>
              </div>
              <div class="step pass-bg" title="stepdefinitions.uisteps.US_002_Stepdefs.user_verifies_registration_is_displayed()">
                <span>And user verifies Registration is displayed</span>
      <div>
      </div>
              </div>
              <div class="step pass-bg" title="stepdefinitions.uisteps.US_002_Stepdefs.user_provides_email_as(java.lang.String)">
                <span>And user provides email as "@gmail.com"</span>
      <div>
      </div>
              </div>
              <div class="step pass-bg" title="stepdefinitions.uisteps.US_002_Stepdefs.userShouldSeeMessage(java.lang.String)">
                <span>Then user should see "This field is invalid" message</span>
      <div>
      </div>
              </div>
              <div class="step pass-bg" title="stepdefinitions.uisteps.US_002_Stepdefs.user_closes_the_browser()">
                <span>And user closes the browser</span>
      <div>
      </div>
              </div>
          </div>
        </div>
  </div>
</div>
          </div>
        </li>
      </ul>
    </div>
  </div>
<div class="test-content scrollable">
<div class="test-content-tools">
<ul><li><a class="back-to-test" href="#"><i class="fa fa-arrow-left"></i></a></li></ul>
</div>
<div class="test-content-detail"><div class="detail-body"></div></div>
</div></div>
<div class="test-wrapper row view category-view attributes-view">
<div class="test-list">
<div class="test-list-tools">
<ul class="tools pull-left"><li><a href=""><span class="font-size-14">Category</span></a></li></ul>
<ul class="tools text-right"><li><a href="#"><span class="badge badge-primary">15</span></a></li></ul>
</div>
<div class="test-list-wrapper scrollable">
<ul class="test-list-item">
<li class="test-item">
<div class="test-detail">
<span class="meta">
<span class='badge log pass-bg'>1</span>
</span>
<p class="name">@US_002_TC_005</p>
<p class="duration text-sm">1 tests</p>
</div>
<div class="test-contents d-none">
<div class="info">
<h4>@US_002_TC_005</h4>
<span status="pass" class='badge log pass-bg'>1 passed</span>
</div>
<table class='table table-sm mt-4'>
<thead>
<tr>
<th class="status-col">Status</th>
<th class="timestamp-col">Timestamp</th>
<th>TestName</th>
</tr>
</thead>
<tbody>
<tr class="tag-test-status" status="pass">
<td><span class="badge log pass-bg">Pass</span></td>
<td>14:47:39 PM</td>
<td>
<a href="#" class="linked" test-id='20' id='135'>test email for new applicant</a>
<div class="">
<span class="badge badge-default">Choose a username that can contain any chars, but it cannot be blank.test email for new applicant</span>
</div>
</td>
</tr>
</tbody>
</table>
</div>
</li>
<li class="test-item">
<div class="test-detail">
<span class="meta">
<span class='badge log pass-bg'>1</span>
</span>
<p class="name">@US_002_TC_013</p>
<p class="duration text-sm">1 tests</p>
</div>
<div class="test-contents d-none">
<div class="info">
<h4>@US_002_TC_013</h4>
<span status="pass" class='badge log pass-bg'>1 passed</span>
</div>
<table class='table table-sm mt-4'>
<thead>
<tr>
<th class="status-col">Status</th>
<th class="timestamp-col">Timestamp</th>
<th>TestName</th>
</tr>
</thead>
<tbody>
<tr class="tag-test-status" status="pass">
<td><span class="badge log pass-bg">Pass</span></td>
<td>14:45:33 PM</td>
<td>
<a href="#" class="linked" test-id='14' id='15'>email should be validated with DB</a>
<div class="">
<span class="badge badge-default">email should be validated with DB.email should be validated with DB</span>
</div>
</td>
</tr>
</tbody>
</table>
</div>
</li>
<li class="test-item">
<div class="test-detail">
<span class="meta">
<span class='badge log pass-bg'>1</span>
</span>
<p class="name">@US_002_TC_006</p>
<p class="duration text-sm">1 tests</p>
</div>
<div class="test-contents d-none">
<div class="info">
<h4>@US_002_TC_006</h4>
<span status="pass" class='badge log pass-bg'>1 passed</span>
</div>
<table class='table table-sm mt-4'>
<thead>
<tr>
<th class="status-col">Status</th>
<th class="timestamp-col">Timestamp</th>
<th>TestName</th>
</tr>
</thead>
<tbody>
<tr class="tag-test-status" status="pass">
<td><span class="badge log pass-bg">Pass</span></td>
<td>14:47:49 PM</td>
<td>
<a href="#" class="linked" test-id='20' id='142'>test email for new applicant2</a>
<div class="">
<span class="badge badge-default">Choose a username that can contain any chars, but it cannot be blank.test email for new applicant2</span>
</div>
</td>
</tr>
</tbody>
</table>
</div>
</li>
<li class="test-item">
<div class="test-detail">
<span class="meta">
<span class='badge log pass-bg'>7</span>
<span class='badge log badge-danger'>8</span>
</span>
<p class="name">@US02</p>
<p class="duration text-sm">15 tests</p>
</div>
<div class="test-contents d-none">
<div class="info">
<h4>@US02</h4>
<span status="pass" class='badge log pass-bg'>7 passed</span>
<span status="fail" class='badge log badge-danger'>8 failed</span>
</div>
<table class='table table-sm mt-4'>
<thead>
<tr>
<th class="status-col">Status</th>
<th class="timestamp-col">Timestamp</th>
<th>TestName</th>
</tr>
</thead>
<tbody>
<tr class="tag-test-status" status="pass">
<td><span class="badge log pass-bg">Pass</span></td>
<td>14:45:25 PM</td>
<td>
<a href="#" class="linked" test-id='1' id='2'>email should be validated with API</a>
<div class="">
<span class="badge badge-default">email should be validated with API.email should be validated with API</span>
</div>
</td>
</tr>
<tr class="tag-test-status" status="fail">
<td><span class="badge log fail-bg">Fail</span></td>
<td>14:45:33 PM</td>
<td>
<a href="#" class="linked" test-id='1' id='8'>username should be validated with API</a>
<div class="">
<span class="badge badge-default">email should be validated with API.username should be validated with API</span>
</div>
</td>
</tr>
<tr class="tag-test-status" status="pass">
<td><span class="badge log pass-bg">Pass</span></td>
<td>14:45:33 PM</td>
<td>
<a href="#" class="linked" test-id='14' id='15'>email should be validated with DB</a>
<div class="">
<span class="badge badge-default">email should be validated with DB.email should be validated with DB</span>
</div>
</td>
</tr>
<tr class="tag-test-status" status="fail">
<td><span class="badge log fail-bg">Fail</span></td>
<td>14:45:36 PM</td>
<td>
<a href="#" class="linked" test-id='20' id='22'>test username for new applicant</a>
<div class="">
<span class="badge badge-default">Choose a username that can contain any chars, but it cannot be blank.test username for new applicant</span>
</div>
</td>
</tr>
<tr class="tag-test-status" status="fail">
<td><span class="badge log fail-bg">Fail</span></td>
<td>14:46:06 PM</td>
<td>
<a href="#" class="linked" test-id='20' id='36'>test username for new applicant</a>
<div class="">
<span class="badge badge-default">Choose a username that can contain any chars, but it cannot be blank.test username for new applicant</span>
</div>
</td>
</tr>
<tr class="tag-test-status" status="fail">
<td><span class="badge log fail-bg">Fail</span></td>
<td>14:46:22 PM</td>
<td>
<a href="#" class="linked" test-id='20' id='50'>test username for new applicant</a>
<div class="">
<span class="badge badge-default">Choose a username that can contain any chars, but it cannot be blank.test username for new applicant</span>
</div>
</td>
</tr>
<tr class="tag-test-status" status="fail">
<td><span class="badge log fail-bg">Fail</span></td>
<td>14:46:38 PM</td>
<td>
<a href="#" class="linked" test-id='20' id='64'>test username for new applicant</a>
<div class="">
<span class="badge badge-default">Choose a username that can contain any chars, but it cannot be blank.test username for new applicant</span>
</div>
</td>
</tr>
<tr class="tag-test-status" status="fail">
<td><span class="badge log fail-bg">Fail</span></td>
<td>14:46:39 PM</td>
<td>
<a href="#" class="linked" test-id='20' id='78'>test username for new applicant</a>
<div class="">
<span class="badge badge-default">Choose a username that can contain any chars, but it cannot be blank.test username for new applicant</span>
</div>
</td>
</tr>
<tr class="tag-test-status" status="fail">
<td><span class="badge log fail-bg">Fail</span></td>
<td>14:46:55 PM</td>
<td>
<a href="#" class="linked" test-id='20' id='92'>test username for new applicant</a>
<div class="">
<span class="badge badge-default">Choose a username that can contain any chars, but it cannot be blank.test username for new applicant</span>
</div>
</td>
</tr>
<tr class="tag-test-status" status="pass">
<td><span class="badge log pass-bg">Pass</span></td>
<td>14:47:11 PM</td>
<td>
<a href="#" class="linked" test-id='20' id='106'>test username for new applicant</a>
<div class="">
<span class="badge badge-default">Choose a username that can contain any chars, but it cannot be blank.test username for new applicant</span>
</div>
</td>
</tr>
<tr class="tag-test-status" status="fail">
<td><span class="badge log fail-bg">Fail</span></td>
<td>14:47:11 PM</td>
<td>
<a href="#" class="linked" test-id='20' id='114'>test email for new applicant</a>
<div class="">
<span class="badge badge-default">Choose a username that can contain any chars, but it cannot be blank.test email for new applicant</span>
</div>
</td>
</tr>
<tr class="tag-test-status" status="pass">
<td><span class="badge log pass-bg">Pass</span></td>
<td>14:47:39 PM</td>
<td>
<a href="#" class="linked" test-id='20' id='128'>test email for new applicant</a>
<div class="">
<span class="badge badge-default">Choose a username that can contain any chars, but it cannot be blank.test email for new applicant</span>
</div>
</td>
</tr>
<tr class="tag-test-status" status="pass">
<td><span class="badge log pass-bg">Pass</span></td>
<td>14:47:39 PM</td>
<td>
<a href="#" class="linked" test-id='20' id='135'>test email for new applicant</a>
<div class="">
<span class="badge badge-default">Choose a username that can contain any chars, but it cannot be blank.test email for new applicant</span>
</div>
</td>
</tr>
<tr class="tag-test-status" status="pass">
<td><span class="badge log pass-bg">Pass</span></td>
<td>14:47:49 PM</td>
<td>
<a href="#" class="linked" test-id='20' id='142'>test email for new applicant2</a>
<div class="">
<span class="badge badge-default">Choose a username that can contain any chars, but it cannot be blank.test email for new applicant2</span>
</div>
</td>
</tr>
<tr class="tag-test-status" status="pass">
<td><span class="badge log pass-bg">Pass</span></td>
<td>14:48:01 PM</td>
<td>
<a href="#" class="linked" test-id='20' id='149'>test email for new applicant3</a>
<div class="">
<span class="badge badge-default">Choose a username that can contain any chars, but it cannot be blank.test email for new applicant3</span>
</div>
</td>
</tr>
</tbody>
</table>
</div>
</li>
<li class="test-item">
<div class="test-detail">
<span class="meta">
<span class='badge log pass-bg'>5</span>
<span class='badge log badge-danger'>7</span>
</span>
<p class="name">@US_002_TC_001</p>
<p class="duration text-sm">12 tests</p>
</div>
<div class="test-contents d-none">
<div class="info">
<h4>@US_002_TC_001</h4>
<span status="pass" class='badge log pass-bg'>5 passed</span>
<span status="fail" class='badge log badge-danger'>7 failed</span>
</div>
<table class='table table-sm mt-4'>
<thead>
<tr>
<th class="status-col">Status</th>
<th class="timestamp-col">Timestamp</th>
<th>TestName</th>
</tr>
</thead>
<tbody>
<tr class="tag-test-status" status="fail">
<td><span class="badge log fail-bg">Fail</span></td>
<td>14:45:36 PM</td>
<td>
<a href="#" class="linked" test-id='20' id='22'>test username for new applicant</a>
<div class="">
<span class="badge badge-default">Choose a username that can contain any chars, but it cannot be blank.test username for new applicant</span>
</div>
</td>
</tr>
<tr class="tag-test-status" status="fail">
<td><span class="badge log fail-bg">Fail</span></td>
<td>14:46:06 PM</td>
<td>
<a href="#" class="linked" test-id='20' id='36'>test username for new applicant</a>
<div class="">
<span class="badge badge-default">Choose a username that can contain any chars, but it cannot be blank.test username for new applicant</span>
</div>
</td>
</tr>
<tr class="tag-test-status" status="fail">
<td><span class="badge log fail-bg">Fail</span></td>
<td>14:46:22 PM</td>
<td>
<a href="#" class="linked" test-id='20' id='50'>test username for new applicant</a>
<div class="">
<span class="badge badge-default">Choose a username that can contain any chars, but it cannot be blank.test username for new applicant</span>
</div>
</td>
</tr>
<tr class="tag-test-status" status="fail">
<td><span class="badge log fail-bg">Fail</span></td>
<td>14:46:38 PM</td>
<td>
<a href="#" class="linked" test-id='20' id='64'>test username for new applicant</a>
<div class="">
<span class="badge badge-default">Choose a username that can contain any chars, but it cannot be blank.test username for new applicant</span>
</div>
</td>
</tr>
<tr class="tag-test-status" status="fail">
<td><span class="badge log fail-bg">Fail</span></td>
<td>14:46:39 PM</td>
<td>
<a href="#" class="linked" test-id='20' id='78'>test username for new applicant</a>
<div class="">
<span class="badge badge-default">Choose a username that can contain any chars, but it cannot be blank.test username for new applicant</span>
</div>
</td>
</tr>
<tr class="tag-test-status" status="fail">
<td><span class="badge log fail-bg">Fail</span></td>
<td>14:46:55 PM</td>
<td>
<a href="#" class="linked" test-id='20' id='92'>test username for new applicant</a>
<div class="">
<span class="badge badge-default">Choose a username that can contain any chars, but it cannot be blank.test username for new applicant</span>
</div>
</td>
</tr>
<tr class="tag-test-status" status="pass">
<td><span class="badge log pass-bg">Pass</span></td>
<td>14:47:11 PM</td>
<td>
<a href="#" class="linked" test-id='20' id='106'>test username for new applicant</a>
<div class="">
<span class="badge badge-default">Choose a username that can contain any chars, but it cannot be blank.test username for new applicant</span>
</div>
</td>
</tr>
<tr class="tag-test-status" status="fail">
<td><span class="badge log fail-bg">Fail</span></td>
<td>14:47:11 PM</td>
<td>
<a href="#" class="linked" test-id='20' id='114'>test email for new applicant</a>
<div class="">
<span class="badge badge-default">Choose a username that can contain any chars, but it cannot be blank.test email for new applicant</span>
</div>
</td>
</tr>
<tr class="tag-test-status" status="pass">
<td><span class="badge log pass-bg">Pass</span></td>
<td>14:47:39 PM</td>
<td>
<a href="#" class="linked" test-id='20' id='128'>test email for new applicant</a>
<div class="">
<span class="badge badge-default">Choose a username that can contain any chars, but it cannot be blank.test email for new applicant</span>
</div>
</td>
</tr>
<tr class="tag-test-status" status="pass">
<td><span class="badge log pass-bg">Pass</span></td>
<td>14:47:39 PM</td>
<td>
<a href="#" class="linked" test-id='20' id='135'>test email for new applicant</a>
<div class="">
<span class="badge badge-default">Choose a username that can contain any chars, but it cannot be blank.test email for new applicant</span>
</div>
</td>
</tr>
<tr class="tag-test-status" status="pass">
<td><span class="badge log pass-bg">Pass</span></td>
<td>14:47:49 PM</td>
<td>
<a href="#" class="linked" test-id='20' id='142'>test email for new applicant2</a>
<div class="">
<span class="badge badge-default">Choose a username that can contain any chars, but it cannot be blank.test email for new applicant2</span>
</div>
</td>
</tr>
<tr class="tag-test-status" status="pass">
<td><span class="badge log pass-bg">Pass</span></td>
<td>14:48:01 PM</td>
<td>
<a href="#" class="linked" test-id='20' id='149'>test email for new applicant3</a>
<div class="">
<span class="badge badge-default">Choose a username that can contain any chars, but it cannot be blank.test email for new applicant3</span>
</div>
</td>
</tr>
</tbody>
</table>
</div>
</li>
<li class="test-item">
<div class="test-detail">
<span class="meta">
<span class='badge log pass-bg'>1</span>
</span>
<p class="name">@US_002_TC_004</p>
<p class="duration text-sm">1 tests</p>
</div>
<div class="test-contents d-none">
<div class="info">
<h4>@US_002_TC_004</h4>
<span status="pass" class='badge log pass-bg'>1 passed</span>
</div>
<table class='table table-sm mt-4'>
<thead>
<tr>
<th class="status-col">Status</th>
<th class="timestamp-col">Timestamp</th>
<th>TestName</th>
</tr>
</thead>
<tbody>
<tr class="tag-test-status" status="pass">
<td><span class="badge log pass-bg">Pass</span></td>
<td>14:47:39 PM</td>
<td>
<a href="#" class="linked" test-id='20' id='128'>test email for new applicant</a>
<div class="">
<span class="badge badge-default">Choose a username that can contain any chars, but it cannot be blank.test email for new applicant</span>
</div>
</td>
</tr>
</tbody>
</table>
</div>
</li>
<li class="test-item">
<div class="test-detail">
<span class="meta">
<span class='badge log pass-bg'>7</span>
<span class='badge log badge-danger'>8</span>
</span>
<p class="name">@team87</p>
<p class="duration text-sm">15 tests</p>
</div>
<div class="test-contents d-none">
<div class="info">
<h4>@team87</h4>
<span status="pass" class='badge log pass-bg'>7 passed</span>
<span status="fail" class='badge log badge-danger'>8 failed</span>
</div>
<table class='table table-sm mt-4'>
<thead>
<tr>
<th class="status-col">Status</th>
<th class="timestamp-col">Timestamp</th>
<th>TestName</th>
</tr>
</thead>
<tbody>
<tr class="tag-test-status" status="pass">
<td><span class="badge log pass-bg">Pass</span></td>
<td>14:45:25 PM</td>
<td>
<a href="#" class="linked" test-id='1' id='2'>email should be validated with API</a>
<div class="">
<span class="badge badge-default">email should be validated with API.email should be validated with API</span>
</div>
</td>
</tr>
<tr class="tag-test-status" status="fail">
<td><span class="badge log fail-bg">Fail</span></td>
<td>14:45:33 PM</td>
<td>
<a href="#" class="linked" test-id='1' id='8'>username should be validated with API</a>
<div class="">
<span class="badge badge-default">email should be validated with API.username should be validated with API</span>
</div>
</td>
</tr>
<tr class="tag-test-status" status="pass">
<td><span class="badge log pass-bg">Pass</span></td>
<td>14:45:33 PM</td>
<td>
<a href="#" class="linked" test-id='14' id='15'>email should be validated with DB</a>
<div class="">
<span class="badge badge-default">email should be validated with DB.email should be validated with DB</span>
</div>
</td>
</tr>
<tr class="tag-test-status" status="fail">
<td><span class="badge log fail-bg">Fail</span></td>
<td>14:45:36 PM</td>
<td>
<a href="#" class="linked" test-id='20' id='22'>test username for new applicant</a>
<div class="">
<span class="badge badge-default">Choose a username that can contain any chars, but it cannot be blank.test username for new applicant</span>
</div>
</td>
</tr>
<tr class="tag-test-status" status="fail">
<td><span class="badge log fail-bg">Fail</span></td>
<td>14:46:06 PM</td>
<td>
<a href="#" class="linked" test-id='20' id='36'>test username for new applicant</a>
<div class="">
<span class="badge badge-default">Choose a username that can contain any chars, but it cannot be blank.test username for new applicant</span>
</div>
</td>
</tr>
<tr class="tag-test-status" status="fail">
<td><span class="badge log fail-bg">Fail</span></td>
<td>14:46:22 PM</td>
<td>
<a href="#" class="linked" test-id='20' id='50'>test username for new applicant</a>
<div class="">
<span class="badge badge-default">Choose a username that can contain any chars, but it cannot be blank.test username for new applicant</span>
</div>
</td>
</tr>
<tr class="tag-test-status" status="fail">
<td><span class="badge log fail-bg">Fail</span></td>
<td>14:46:38 PM</td>
<td>
<a href="#" class="linked" test-id='20' id='64'>test username for new applicant</a>
<div class="">
<span class="badge badge-default">Choose a username that can contain any chars, but it cannot be blank.test username for new applicant</span>
</div>
</td>
</tr>
<tr class="tag-test-status" status="fail">
<td><span class="badge log fail-bg">Fail</span></td>
<td>14:46:39 PM</td>
<td>
<a href="#" class="linked" test-id='20' id='78'>test username for new applicant</a>
<div class="">
<span class="badge badge-default">Choose a username that can contain any chars, but it cannot be blank.test username for new applicant</span>
</div>
</td>
</tr>
<tr class="tag-test-status" status="fail">
<td><span class="badge log fail-bg">Fail</span></td>
<td>14:46:55 PM</td>
<td>
<a href="#" class="linked" test-id='20' id='92'>test username for new applicant</a>
<div class="">
<span class="badge badge-default">Choose a username that can contain any chars, but it cannot be blank.test username for new applicant</span>
</div>
</td>
</tr>
<tr class="tag-test-status" status="pass">
<td><span class="badge log pass-bg">Pass</span></td>
<td>14:47:11 PM</td>
<td>
<a href="#" class="linked" test-id='20' id='106'>test username for new applicant</a>
<div class="">
<span class="badge badge-default">Choose a username that can contain any chars, but it cannot be blank.test username for new applicant</span>
</div>
</td>
</tr>
<tr class="tag-test-status" status="fail">
<td><span class="badge log fail-bg">Fail</span></td>
<td>14:47:11 PM</td>
<td>
<a href="#" class="linked" test-id='20' id='114'>test email for new applicant</a>
<div class="">
<span class="badge badge-default">Choose a username that can contain any chars, but it cannot be blank.test email for new applicant</span>
</div>
</td>
</tr>
<tr class="tag-test-status" status="pass">
<td><span class="badge log pass-bg">Pass</span></td>
<td>14:47:39 PM</td>
<td>
<a href="#" class="linked" test-id='20' id='128'>test email for new applicant</a>
<div class="">
<span class="badge badge-default">Choose a username that can contain any chars, but it cannot be blank.test email for new applicant</span>
</div>
</td>
</tr>
<tr class="tag-test-status" status="pass">
<td><span class="badge log pass-bg">Pass</span></td>
<td>14:47:39 PM</td>
<td>
<a href="#" class="linked" test-id='20' id='135'>test email for new applicant</a>
<div class="">
<span class="badge badge-default">Choose a username that can contain any chars, but it cannot be blank.test email for new applicant</span>
</div>
</td>
</tr>
<tr class="tag-test-status" status="pass">
<td><span class="badge log pass-bg">Pass</span></td>
<td>14:47:49 PM</td>
<td>
<a href="#" class="linked" test-id='20' id='142'>test email for new applicant2</a>
<div class="">
<span class="badge badge-default">Choose a username that can contain any chars, but it cannot be blank.test email for new applicant2</span>
</div>
</td>
</tr>
<tr class="tag-test-status" status="pass">
<td><span class="badge log pass-bg">Pass</span></td>
<td>14:48:01 PM</td>
<td>
<a href="#" class="linked" test-id='20' id='149'>test email for new applicant3</a>
<div class="">
<span class="badge badge-default">Choose a username that can contain any chars, but it cannot be blank.test email for new applicant3</span>
</div>
</td>
</tr>
</tbody>
</table>
</div>
</li>
<li class="test-item">
<div class="test-detail">
<span class="meta">
<span class='badge log badge-danger'>1</span>
</span>
<p class="name">@US_002_TC_015</p>
<p class="duration text-sm">1 tests</p>
</div>
<div class="test-contents d-none">
<div class="info">
<h4>@US_002_TC_015</h4>
<span status="fail" class='badge log badge-danger'>1 failed</span>
</div>
<table class='table table-sm mt-4'>
<thead>
<tr>
<th class="status-col">Status</th>
<th class="timestamp-col">Timestamp</th>
<th>TestName</th>
</tr>
</thead>
<tbody>
<tr class="tag-test-status" status="fail">
<td><span class="badge log fail-bg">Fail</span></td>
<td>14:45:33 PM</td>
<td>
<a href="#" class="linked" test-id='1' id='8'>username should be validated with API</a>
<div class="">
<span class="badge badge-default">email should be validated with API.username should be validated with API</span>
</div>
</td>
</tr>
</tbody>
</table>
</div>
</li>
<li class="test-item">
<div class="test-detail">
<span class="meta">
<span class='badge log pass-bg'>1</span>
</span>
<p class="name">@US_002_TC_007</p>
<p class="duration text-sm">1 tests</p>
</div>
<div class="test-contents d-none">
<div class="info">
<h4>@US_002_TC_007</h4>
<span status="pass" class='badge log pass-bg'>1 passed</span>
</div>
<table class='table table-sm mt-4'>
<thead>
<tr>
<th class="status-col">Status</th>
<th class="timestamp-col">Timestamp</th>
<th>TestName</th>
</tr>
</thead>
<tbody>
<tr class="tag-test-status" status="pass">
<td><span class="badge log pass-bg">Pass</span></td>
<td>14:48:01 PM</td>
<td>
<a href="#" class="linked" test-id='20' id='149'>test email for new applicant3</a>
<div class="">
<span class="badge badge-default">Choose a username that can contain any chars, but it cannot be blank.test email for new applicant3</span>
</div>
</td>
</tr>
</tbody>
</table>
</div>
</li>
<li class="test-item">
<div class="test-detail">
<span class="meta">
<span class='badge log badge-danger'>1</span>
</span>
<p class="name">@US_002_TC_003</p>
<p class="duration text-sm">1 tests</p>
</div>
<div class="test-contents d-none">
<div class="info">
<h4>@US_002_TC_003</h4>
<span status="fail" class='badge log badge-danger'>1 failed</span>
</div>
<table class='table table-sm mt-4'>
<thead>
<tr>
<th class="status-col">Status</th>
<th class="timestamp-col">Timestamp</th>
<th>TestName</th>
</tr>
</thead>
<tbody>
<tr class="tag-test-status" status="fail">
<td><span class="badge log fail-bg">Fail</span></td>
<td>14:47:11 PM</td>
<td>
<a href="#" class="linked" test-id='20' id='114'>test email for new applicant</a>
<div class="">
<span class="badge badge-default">Choose a username that can contain any chars, but it cannot be blank.test email for new applicant</span>
</div>
</td>
</tr>
</tbody>
</table>
</div>
</li>
<li class="test-item">
<div class="test-detail">
<span class="meta">
<span class='badge log pass-bg'>1</span>
<span class='badge log badge-danger'>1</span>
</span>
<p class="name">@api</p>
<p class="duration text-sm">2 tests</p>
</div>
<div class="test-contents d-none">
<div class="info">
<h4>@api</h4>
<span status="pass" class='badge log pass-bg'>1 passed</span>
<span status="fail" class='badge log badge-danger'>1 failed</span>
</div>
<table class='table table-sm mt-4'>
<thead>
<tr>
<th class="status-col">Status</th>
<th class="timestamp-col">Timestamp</th>
<th>TestName</th>
</tr>
</thead>
<tbody>
<tr class="tag-test-status" status="pass">
<td><span class="badge log pass-bg">Pass</span></td>
<td>14:45:25 PM</td>
<td>
<a href="#" class="linked" test-id='1' id='2'>email should be validated with API</a>
<div class="">
<span class="badge badge-default">email should be validated with API.email should be validated with API</span>
</div>
</td>
</tr>
<tr class="tag-test-status" status="fail">
<td><span class="badge log fail-bg">Fail</span></td>
<td>14:45:33 PM</td>
<td>
<a href="#" class="linked" test-id='1' id='8'>username should be validated with API</a>
<div class="">
<span class="badge badge-default">email should be validated with API.username should be validated with API</span>
</div>
</td>
</tr>
</tbody>
</table>
</div>
</li>
<li class="test-item">
<div class="test-detail">
<span class="meta">
<span class='badge log pass-bg'>1</span>
</span>
<p class="name">@db</p>
<p class="duration text-sm">1 tests</p>
</div>
<div class="test-contents d-none">
<div class="info">
<h4>@db</h4>
<span status="pass" class='badge log pass-bg'>1 passed</span>
</div>
<table class='table table-sm mt-4'>
<thead>
<tr>
<th class="status-col">Status</th>
<th class="timestamp-col">Timestamp</th>
<th>TestName</th>
</tr>
</thead>
<tbody>
<tr class="tag-test-status" status="pass">
<td><span class="badge log pass-bg">Pass</span></td>
<td>14:45:33 PM</td>
<td>
<a href="#" class="linked" test-id='14' id='15'>email should be validated with DB</a>
<div class="">
<span class="badge badge-default">email should be validated with DB.email should be validated with DB</span>
</div>
</td>
</tr>
</tbody>
</table>
</div>
</li>
<li class="test-item">
<div class="test-detail">
<span class="meta">
<span class='badge log pass-bg'>5</span>
<span class='badge log badge-danger'>7</span>
</span>
<p class="name">@ui</p>
<p class="duration text-sm">12 tests</p>
</div>
<div class="test-contents d-none">
<div class="info">
<h4>@ui</h4>
<span status="pass" class='badge log pass-bg'>5 passed</span>
<span status="fail" class='badge log badge-danger'>7 failed</span>
</div>
<table class='table table-sm mt-4'>
<thead>
<tr>
<th class="status-col">Status</th>
<th class="timestamp-col">Timestamp</th>
<th>TestName</th>
</tr>
</thead>
<tbody>
<tr class="tag-test-status" status="fail">
<td><span class="badge log fail-bg">Fail</span></td>
<td>14:45:36 PM</td>
<td>
<a href="#" class="linked" test-id='20' id='22'>test username for new applicant</a>
<div class="">
<span class="badge badge-default">Choose a username that can contain any chars, but it cannot be blank.test username for new applicant</span>
</div>
</td>
</tr>
<tr class="tag-test-status" status="fail">
<td><span class="badge log fail-bg">Fail</span></td>
<td>14:46:06 PM</td>
<td>
<a href="#" class="linked" test-id='20' id='36'>test username for new applicant</a>
<div class="">
<span class="badge badge-default">Choose a username that can contain any chars, but it cannot be blank.test username for new applicant</span>
</div>
</td>
</tr>
<tr class="tag-test-status" status="fail">
<td><span class="badge log fail-bg">Fail</span></td>
<td>14:46:22 PM</td>
<td>
<a href="#" class="linked" test-id='20' id='50'>test username for new applicant</a>
<div class="">
<span class="badge badge-default">Choose a username that can contain any chars, but it cannot be blank.test username for new applicant</span>
</div>
</td>
</tr>
<tr class="tag-test-status" status="fail">
<td><span class="badge log fail-bg">Fail</span></td>
<td>14:46:38 PM</td>
<td>
<a href="#" class="linked" test-id='20' id='64'>test username for new applicant</a>
<div class="">
<span class="badge badge-default">Choose a username that can contain any chars, but it cannot be blank.test username for new applicant</span>
</div>
</td>
</tr>
<tr class="tag-test-status" status="fail">
<td><span class="badge log fail-bg">Fail</span></td>
<td>14:46:39 PM</td>
<td>
<a href="#" class="linked" test-id='20' id='78'>test username for new applicant</a>
<div class="">
<span class="badge badge-default">Choose a username that can contain any chars, but it cannot be blank.test username for new applicant</span>
</div>
</td>
</tr>
<tr class="tag-test-status" status="fail">
<td><span class="badge log fail-bg">Fail</span></td>
<td>14:46:55 PM</td>
<td>
<a href="#" class="linked" test-id='20' id='92'>test username for new applicant</a>
<div class="">
<span class="badge badge-default">Choose a username that can contain any chars, but it cannot be blank.test username for new applicant</span>
</div>
</td>
</tr>
<tr class="tag-test-status" status="pass">
<td><span class="badge log pass-bg">Pass</span></td>
<td>14:47:11 PM</td>
<td>
<a href="#" class="linked" test-id='20' id='106'>test username for new applicant</a>
<div class="">
<span class="badge badge-default">Choose a username that can contain any chars, but it cannot be blank.test username for new applicant</span>
</div>
</td>
</tr>
<tr class="tag-test-status" status="fail">
<td><span class="badge log fail-bg">Fail</span></td>
<td>14:47:11 PM</td>
<td>
<a href="#" class="linked" test-id='20' id='114'>test email for new applicant</a>
<div class="">
<span class="badge badge-default">Choose a username that can contain any chars, but it cannot be blank.test email for new applicant</span>
</div>
</td>
</tr>
<tr class="tag-test-status" status="pass">
<td><span class="badge log pass-bg">Pass</span></td>
<td>14:47:39 PM</td>
<td>
<a href="#" class="linked" test-id='20' id='128'>test email for new applicant</a>
<div class="">
<span class="badge badge-default">Choose a username that can contain any chars, but it cannot be blank.test email for new applicant</span>
</div>
</td>
</tr>
<tr class="tag-test-status" status="pass">
<td><span class="badge log pass-bg">Pass</span></td>
<td>14:47:39 PM</td>
<td>
<a href="#" class="linked" test-id='20' id='135'>test email for new applicant</a>
<div class="">
<span class="badge badge-default">Choose a username that can contain any chars, but it cannot be blank.test email for new applicant</span>
</div>
</td>
</tr>
<tr class="tag-test-status" status="pass">
<td><span class="badge log pass-bg">Pass</span></td>
<td>14:47:49 PM</td>
<td>
<a href="#" class="linked" test-id='20' id='142'>test email for new applicant2</a>
<div class="">
<span class="badge badge-default">Choose a username that can contain any chars, but it cannot be blank.test email for new applicant2</span>
</div>
</td>
</tr>
<tr class="tag-test-status" status="pass">
<td><span class="badge log pass-bg">Pass</span></td>
<td>14:48:01 PM</td>
<td>
<a href="#" class="linked" test-id='20' id='149'>test email for new applicant3</a>
<div class="">
<span class="badge badge-default">Choose a username that can contain any chars, but it cannot be blank.test email for new applicant3</span>
</div>
</td>
</tr>
</tbody>
</table>
</div>
</li>
<li class="test-item">
<div class="test-detail">
<span class="meta">
<span class='badge log pass-bg'>1</span>
<span class='badge log badge-danger'>1</span>
</span>
<p class="name">@US_002_TC_014</p>
<p class="duration text-sm">2 tests</p>
</div>
<div class="test-contents d-none">
<div class="info">
<h4>@US_002_TC_014</h4>
<span status="pass" class='badge log pass-bg'>1 passed</span>
<span status="fail" class='badge log badge-danger'>1 failed</span>
</div>
<table class='table table-sm mt-4'>
<thead>
<tr>
<th class="status-col">Status</th>
<th class="timestamp-col">Timestamp</th>
<th>TestName</th>
</tr>
</thead>
<tbody>
<tr class="tag-test-status" status="pass">
<td><span class="badge log pass-bg">Pass</span></td>
<td>14:45:25 PM</td>
<td>
<a href="#" class="linked" test-id='1' id='2'>email should be validated with API</a>
<div class="">
<span class="badge badge-default">email should be validated with API.email should be validated with API</span>
</div>
</td>
</tr>
<tr class="tag-test-status" status="fail">
<td><span class="badge log fail-bg">Fail</span></td>
<td>14:45:33 PM</td>
<td>
<a href="#" class="linked" test-id='1' id='8'>username should be validated with API</a>
<div class="">
<span class="badge badge-default">email should be validated with API.username should be validated with API</span>
</div>
</td>
</tr>
</tbody>
</table>
</div>
</li>
<li class="test-item">
<div class="test-detail">
<span class="meta">
<span class='badge log pass-bg'>1</span>
</span>
<p class="name">@US_002_TC_002</p>
<p class="duration text-sm">1 tests</p>
</div>
<div class="test-contents d-none">
<div class="info">
<h4>@US_002_TC_002</h4>
<span status="pass" class='badge log pass-bg'>1 passed</span>
</div>
<table class='table table-sm mt-4'>
<thead>
<tr>
<th class="status-col">Status</th>
<th class="timestamp-col">Timestamp</th>
<th>TestName</th>
</tr>
</thead>
<tbody>
<tr class="tag-test-status" status="pass">
<td><span class="badge log pass-bg">Pass</span></td>
<td>14:47:11 PM</td>
<td>
<a href="#" class="linked" test-id='20' id='106'>test username for new applicant</a>
<div class="">
<span class="badge badge-default">Choose a username that can contain any chars, but it cannot be blank.test username for new applicant</span>
</div>
</td>
</tr>
</tbody>
</table>
</div>
</li>
</ul>
</div>
</div>
<div class="test-content scrollable">
<div class="test-content-detail">
<div class="detail-body"></div>
</div>
</div>
</div><div class="test-wrapper row view exception-view attributes-view">
<div class="test-list">
<div class="test-list-tools">
<ul class="tools pull-left"><li><a href=""><span class="font-size-14">Exception</span></a></li></ul>
<ul class="tools text-right"><li><a href="#"><span class="badge badge-primary">2</span></a></li></ul>
</div>
<div class="test-list-wrapper scrollable">
<ul class="test-list-item">
<li class="test-item">
<div class="test-detail">
<span class="meta">
<span class='badge log badge-danger'>1</span>
</span>
<p class="name">java.lang.IllegalArgumentException</p>
<p class="duration text-sm">1 tests</p>
</div>
<div class="test-contents d-none">
<div class="info">
<h4>java.lang.IllegalArgumentException</h4>
<span status="fail" class='badge log badge-danger'>1 failed</span>
</div>
<table class='table table-sm mt-4'>
<thead>
<tr>
<th class="status-col">Status</th>
<th class="timestamp-col">Timestamp</th>
<th>TestName</th>
</tr>
</thead>
<tbody>
<tr class="tag-test-status" status="fail">
<td><span class="badge log fail-bg">Fail</span></td>
<td>14:45:33 PM</td>
<td>
<a href="#" class="linked" test-id='1' id='9'>Given user sends POST request to get Bearer Token</a>
<div class="">
<span class="badge badge-default">email should be validated with API.username should be validated with API.Given user sends POST request to get Bearer Token</span>
</div>
</td>
</tr>
</tbody>
</table>
</div>
</li>
<li class="test-item">
<div class="test-detail">
<span class="meta">
<span class='badge log badge-danger'>6</span>
</span>
<p class="name">org.openqa.selenium.TimeoutException</p>
<p class="duration text-sm">6 tests</p>
</div>
<div class="test-contents d-none">
<div class="info">
<h4>org.openqa.selenium.TimeoutException</h4>
<span status="fail" class='badge log badge-danger'>6 failed</span>
</div>
<table class='table table-sm mt-4'>
<thead>
<tr>
<th class="status-col">Status</th>
<th class="timestamp-col">Timestamp</th>
<th>TestName</th>
</tr>
</thead>
<tbody>
<tr class="tag-test-status" status="fail">
<td><span class="badge log fail-bg">Fail</span></td>
<td>14:45:51 PM</td>
<td>
<a href="#" class="linked" test-id='20' id='34'>Then user should see Registration saved message</a>
<div class="">
<span class="badge badge-default">Choose a username that can contain any chars, but it cannot be blank.test username for new applicant.Then user should see Registration saved message</span>
</div>
</td>
</tr>
<tr class="tag-test-status" status="fail">
<td><span class="badge log fail-bg">Fail</span></td>
<td>14:46:07 PM</td>
<td>
<a href="#" class="linked" test-id='20' id='48'>Then user should see Registration saved message</a>
<div class="">
<span class="badge badge-default">Choose a username that can contain any chars, but it cannot be blank.test username for new applicant.Then user should see Registration saved message</span>
</div>
</td>
</tr>
<tr class="tag-test-status" status="fail">
<td><span class="badge log fail-bg">Fail</span></td>
<td>14:46:23 PM</td>
<td>
<a href="#" class="linked" test-id='20' id='62'>Then user should see Registration saved message</a>
<div class="">
<span class="badge badge-default">Choose a username that can contain any chars, but it cannot be blank.test username for new applicant.Then user should see Registration saved message</span>
</div>
</td>
</tr>
<tr class="tag-test-status" status="fail">
<td><span class="badge log fail-bg">Fail</span></td>
<td>14:46:40 PM</td>
<td>
<a href="#" class="linked" test-id='20' id='90'>Then user should see Registration saved message</a>
<div class="">
<span class="badge badge-default">Choose a username that can contain any chars, but it cannot be blank.test username for new applicant.Then user should see Registration saved message</span>
</div>
</td>
</tr>
<tr class="tag-test-status" status="fail">
<td><span class="badge log fail-bg">Fail</span></td>
<td>14:46:56 PM</td>
<td>
<a href="#" class="linked" test-id='20' id='104'>Then user should see Registration saved message</a>
<div class="">
<span class="badge badge-default">Choose a username that can contain any chars, but it cannot be blank.test username for new applicant.Then user should see Registration saved message</span>
</div>
</td>
</tr>
<tr class="tag-test-status" status="fail">
<td><span class="badge log fail-bg">Fail</span></td>
<td>14:47:23 PM</td>
<td>
<a href="#" class="linked" test-id='20' id='126'>Then user should see Registration saved message</a>
<div class="">
<span class="badge badge-default">Choose a username that can contain any chars, but it cannot be blank.test email for new applicant.Then user should see Registration saved message</span>
</div>
</td>
</tr>
</tbody>
</table>
</div>
</li>
</ul>
</div>
</div>
<div class="test-content scrollable">
<div class="test-content-detail">
<div class="detail-body"></div>
</div>
</div>
</div>        </div>
      </div>
    </div>
  </div>
<script src="https://cdn.jsdelivr.net/gh/extent-framework/extent-github-cdn@d6562a79075e061305ccfdb82f01e5e195e2d307/spark/js/spark-script.js"></script>
<script type="text/javascript"></script></body>
</html>